2022-11-19 17:21:11,549 - root - INFO - FILE STARTS RUNNING!
2022-11-19 17:21:11,785 - numexpr.utils - INFO - NumExpr defaulting to 2 threads.
2022-11-19 17:21:12,060 - matplotlib.pyplot - DEBUG - Loaded backend module://ipykernel.pylab.backend_inline version unknown.
2022-11-19 17:21:12,659 - root - INFO - Libraries imported..
2022-11-19 17:21:12,674 - root - INFO - Connecting to database..
2022-11-19 17:27:41,815 - cassandra.cluster - DEBUG - Connecting to cluster, contact points: [<SniEndPoint: 40bf567c-d6f1-41f4-acdc-2d55f7a65760-asia-south1.db.astra.datastax.com:29042:7d78e9c1-0951-47e5-ac2c-283fe5fc2d65>, <SniEndPoint: 40bf567c-d6f1-41f4-acdc-2d55f7a65760-asia-south1.db.astra.datastax.com:29042:358ca568-08f7-42a4-8574-b72c6a0af7b7>, <SniEndPoint: 40bf567c-d6f1-41f4-acdc-2d55f7a65760-asia-south1.db.astra.datastax.com:29042:44e57ad8-5416-4b95-85e3-f9e4c0f2a66b>]; protocol version: 66
2022-11-19 17:27:41,817 - cassandra.pool - DEBUG - Host 40bf567c-d6f1-41f4-acdc-2d55f7a65760-asia-south1.db.astra.datastax.com:29042:7d78e9c1-0951-47e5-ac2c-283fe5fc2d65 is now marked up
2022-11-19 17:27:41,822 - cassandra.pool - DEBUG - Host 40bf567c-d6f1-41f4-acdc-2d55f7a65760-asia-south1.db.astra.datastax.com:29042:358ca568-08f7-42a4-8574-b72c6a0af7b7 is now marked up
2022-11-19 17:27:41,825 - cassandra.pool - DEBUG - Host 40bf567c-d6f1-41f4-acdc-2d55f7a65760-asia-south1.db.astra.datastax.com:29042:44e57ad8-5416-4b95-85e3-f9e4c0f2a66b is now marked up
2022-11-19 17:27:41,828 - cassandra.cluster - DEBUG - [control connection] Opening new connection to 40bf567c-d6f1-41f4-acdc-2d55f7a65760-asia-south1.db.astra.datastax.com:29042:44e57ad8-5416-4b95-85e3-f9e4c0f2a66b
2022-11-19 17:27:42,294 - cassandra.connection - DEBUG - Sending initial options message for new connection (140380064263376) to 40bf567c-d6f1-41f4-acdc-2d55f7a65760-asia-south1.db.astra.datastax.com:29042:44e57ad8-5416-4b95-85e3-f9e4c0f2a66b
2022-11-19 17:27:42,296 - cassandra.io.libevreactor - DEBUG - Starting libev event loop
2022-11-19 17:27:42,752 - cassandra.connection - DEBUG - Defuncting connection (140380064263376) to 40bf567c-d6f1-41f4-acdc-2d55f7a65760-asia-south1.db.astra.datastax.com:29042:44e57ad8-5416-4b95-85e3-f9e4c0f2a66b: <Error from server: code=000a [Protocol error] message="Invalid or unsupported protocol version (66); supported versions are (3/v3, 4/v4, 5/v5-beta)">
2022-11-19 17:27:42,755 - cassandra.io.libevreactor - DEBUG - Closing connection (140380064263376) to 40bf567c-d6f1-41f4-acdc-2d55f7a65760-asia-south1.db.astra.datastax.com:29042:44e57ad8-5416-4b95-85e3-f9e4c0f2a66b
2022-11-19 17:27:42,758 - cassandra.io.libevreactor - DEBUG - Closed socket to 40bf567c-d6f1-41f4-acdc-2d55f7a65760-asia-south1.db.astra.datastax.com:29042:44e57ad8-5416-4b95-85e3-f9e4c0f2a66b
2022-11-19 17:27:42,761 - cassandra.io.libevreactor - DEBUG - All Connections currently closed, event loop ended
2022-11-19 17:27:42,762 - cassandra.cluster - WARNING - Downgrading core protocol version from 66 to 65 for 40bf567c-d6f1-41f4-acdc-2d55f7a65760-asia-south1.db.astra.datastax.com:29042:44e57ad8-5416-4b95-85e3-f9e4c0f2a66b. To avoid this, it is best practice to explicitly set Cluster(protocol_version) to the version supported by your cluster. http://datastax.github.io/python-driver/api/cassandra/cluster.html#cassandra.cluster.Cluster.protocol_version
2022-11-19 17:27:43,234 - cassandra.connection - DEBUG - Sending initial options message for new connection (140380064263376) to 40bf567c-d6f1-41f4-acdc-2d55f7a65760-asia-south1.db.astra.datastax.com:29042:44e57ad8-5416-4b95-85e3-f9e4c0f2a66b
2022-11-19 17:27:43,236 - cassandra.io.libevreactor - DEBUG - Starting libev event loop
2022-11-19 17:27:43,698 - cassandra.connection - DEBUG - Defuncting connection (140380064263376) to 40bf567c-d6f1-41f4-acdc-2d55f7a65760-asia-south1.db.astra.datastax.com:29042:44e57ad8-5416-4b95-85e3-f9e4c0f2a66b: <Error from server: code=000a [Protocol error] message="Invalid or unsupported protocol version (65); supported versions are (3/v3, 4/v4, 5/v5-beta)">
2022-11-19 17:27:43,701 - cassandra.io.libevreactor - DEBUG - Closing connection (140380064263376) to 40bf567c-d6f1-41f4-acdc-2d55f7a65760-asia-south1.db.astra.datastax.com:29042:44e57ad8-5416-4b95-85e3-f9e4c0f2a66b
2022-11-19 17:27:43,703 - cassandra.io.libevreactor - DEBUG - Closed socket to 40bf567c-d6f1-41f4-acdc-2d55f7a65760-asia-south1.db.astra.datastax.com:29042:44e57ad8-5416-4b95-85e3-f9e4c0f2a66b
2022-11-19 17:27:43,706 - cassandra.io.libevreactor - DEBUG - All Connections currently closed, event loop ended
2022-11-19 17:27:43,707 - cassandra.cluster - WARNING - Downgrading core protocol version from 65 to 5 for 40bf567c-d6f1-41f4-acdc-2d55f7a65760-asia-south1.db.astra.datastax.com:29042:44e57ad8-5416-4b95-85e3-f9e4c0f2a66b. To avoid this, it is best practice to explicitly set Cluster(protocol_version) to the version supported by your cluster. http://datastax.github.io/python-driver/api/cassandra/cluster.html#cassandra.cluster.Cluster.protocol_version
2022-11-19 17:27:44,180 - cassandra.connection - DEBUG - Sending initial options message for new connection (140380064263376) to 40bf567c-d6f1-41f4-acdc-2d55f7a65760-asia-south1.db.astra.datastax.com:29042:44e57ad8-5416-4b95-85e3-f9e4c0f2a66b
2022-11-19 17:27:44,181 - cassandra.io.libevreactor - DEBUG - Starting libev event loop
2022-11-19 17:27:44,641 - cassandra.connection - ERROR - Closing connection <LibevConnection(140380064263376) 40bf567c-d6f1-41f4-acdc-2d55f7a65760-asia-south1.db.astra.datastax.com:29042:44e57ad8-5416-4b95-85e3-f9e4c0f2a66b> due to protocol error: Error from server: code=000a [Protocol error] message="Beta version of the protocol used (5/v5-beta), but USE_BETA flag is unset"
2022-11-19 17:27:44,644 - cassandra.connection - DEBUG - Defuncting connection (140380064263376) to 40bf567c-d6f1-41f4-acdc-2d55f7a65760-asia-south1.db.astra.datastax.com:29042:44e57ad8-5416-4b95-85e3-f9e4c0f2a66b: <Error from server: code=000a [Protocol error] message="Beta version of the protocol used (5/v5-beta), but USE_BETA flag is unset">
2022-11-19 17:27:44,646 - cassandra.io.libevreactor - DEBUG - Closing connection (140380064263376) to 40bf567c-d6f1-41f4-acdc-2d55f7a65760-asia-south1.db.astra.datastax.com:29042:44e57ad8-5416-4b95-85e3-f9e4c0f2a66b
2022-11-19 17:27:44,648 - cassandra.io.libevreactor - DEBUG - Closed socket to 40bf567c-d6f1-41f4-acdc-2d55f7a65760-asia-south1.db.astra.datastax.com:29042:44e57ad8-5416-4b95-85e3-f9e4c0f2a66b
2022-11-19 17:27:44,650 - cassandra.io.libevreactor - DEBUG - All Connections currently closed, event loop ended
2022-11-19 17:27:44,651 - cassandra.cluster - WARNING - Downgrading core protocol version from 5 to 4 for 40bf567c-d6f1-41f4-acdc-2d55f7a65760-asia-south1.db.astra.datastax.com:29042:44e57ad8-5416-4b95-85e3-f9e4c0f2a66b. To avoid this, it is best practice to explicitly set Cluster(protocol_version) to the version supported by your cluster. http://datastax.github.io/python-driver/api/cassandra/cluster.html#cassandra.cluster.Cluster.protocol_version
2022-11-19 17:27:45,117 - cassandra.connection - DEBUG - Sending initial options message for new connection (140380064263376) to 40bf567c-d6f1-41f4-acdc-2d55f7a65760-asia-south1.db.astra.datastax.com:29042:44e57ad8-5416-4b95-85e3-f9e4c0f2a66b
2022-11-19 17:27:45,118 - cassandra.io.libevreactor - DEBUG - Starting libev event loop
2022-11-19 17:27:45,577 - cassandra.connection - DEBUG - Received options response on new connection (140380064263376) from 40bf567c-d6f1-41f4-acdc-2d55f7a65760-asia-south1.db.astra.datastax.com:29042:44e57ad8-5416-4b95-85e3-f9e4c0f2a66b
2022-11-19 17:27:45,580 - cassandra.connection - DEBUG - No available compression types supported on both ends. locally supported: odict_keys([]). remotely supported: ['snappy', 'lz4']
2022-11-19 17:27:45,581 - cassandra.connection - DEBUG - Sending StartupMessage on <LibevConnection(140380064263376) 40bf567c-d6f1-41f4-acdc-2d55f7a65760-asia-south1.db.astra.datastax.com:29042:44e57ad8-5416-4b95-85e3-f9e4c0f2a66b>
2022-11-19 17:27:45,583 - cassandra.connection - DEBUG - Sent StartupMessage on <LibevConnection(140380064263376) 40bf567c-d6f1-41f4-acdc-2d55f7a65760-asia-south1.db.astra.datastax.com:29042:44e57ad8-5416-4b95-85e3-f9e4c0f2a66b>
2022-11-19 17:27:45,816 - cassandra.connection - DEBUG - Got AuthenticateMessage on new connection (140380064263376) from 40bf567c-d6f1-41f4-acdc-2d55f7a65760-asia-south1.db.astra.datastax.com:29042:44e57ad8-5416-4b95-85e3-f9e4c0f2a66b: org.apache.cassandra.auth.PasswordAuthenticator
2022-11-19 17:27:45,818 - cassandra.connection - DEBUG - Sending SASL-based auth response on <LibevConnection(140380064263376) 40bf567c-d6f1-41f4-acdc-2d55f7a65760-asia-south1.db.astra.datastax.com:29042:44e57ad8-5416-4b95-85e3-f9e4c0f2a66b>
2022-11-19 17:27:46,063 - cassandra.connection - DEBUG - Connection <LibevConnection(140380064263376) 40bf567c-d6f1-41f4-acdc-2d55f7a65760-asia-south1.db.astra.datastax.com:29042:44e57ad8-5416-4b95-85e3-f9e4c0f2a66b> successfully authenticated
2022-11-19 17:27:46,066 - cassandra.cluster - DEBUG - [control connection] Established new connection <LibevConnection(140380064263376) 40bf567c-d6f1-41f4-acdc-2d55f7a65760-asia-south1.db.astra.datastax.com:29042:44e57ad8-5416-4b95-85e3-f9e4c0f2a66b>, registering watchers and refreshing schema and topology
2022-11-19 17:27:46,994 - cassandra.cluster - DEBUG - [control connection] Refreshing node list and token map using preloaded results
2022-11-19 17:27:46,996 - cassandra.policies - INFO - Using datacenter 'asia-south1' for DCAwareRoundRobinPolicy (via host '40bf567c-d6f1-41f4-acdc-2d55f7a65760-asia-south1.db.astra.datastax.com:29042:44e57ad8-5416-4b95-85e3-f9e4c0f2a66b'); if incorrect, please specify a local_dc to the constructor, or limit contact points to local cluster nodes
2022-11-19 17:27:47,000 - cassandra.cluster - DEBUG - [control connection] Finished fetching ring info
2022-11-19 17:27:47,001 - cassandra.cluster - DEBUG - [control connection] Rebuilding token map due to topology changes
2022-11-19 17:27:47,953 - cassandra.cluster - DEBUG - Control connection created
2022-11-19 17:27:47,957 - cassandra.pool - DEBUG - Initializing connection for host 40bf567c-d6f1-41f4-acdc-2d55f7a65760-asia-south1.db.astra.datastax.com:29042:7d78e9c1-0951-47e5-ac2c-283fe5fc2d65
2022-11-19 17:27:47,965 - cassandra.pool - DEBUG - Initializing connection for host 40bf567c-d6f1-41f4-acdc-2d55f7a65760-asia-south1.db.astra.datastax.com:29042:358ca568-08f7-42a4-8574-b72c6a0af7b7
2022-11-19 17:27:48,431 - cassandra.connection - DEBUG - Sending initial options message for new connection (140380064744208) to 40bf567c-d6f1-41f4-acdc-2d55f7a65760-asia-south1.db.astra.datastax.com:29042:7d78e9c1-0951-47e5-ac2c-283fe5fc2d65
2022-11-19 17:27:48,439 - cassandra.connection - DEBUG - Sending initial options message for new connection (140380064261392) to 40bf567c-d6f1-41f4-acdc-2d55f7a65760-asia-south1.db.astra.datastax.com:29042:358ca568-08f7-42a4-8574-b72c6a0af7b7
2022-11-19 17:27:48,889 - cassandra.connection - DEBUG - Received options response on new connection (140380064744208) from 40bf567c-d6f1-41f4-acdc-2d55f7a65760-asia-south1.db.astra.datastax.com:29042:7d78e9c1-0951-47e5-ac2c-283fe5fc2d65
2022-11-19 17:27:48,891 - cassandra.connection - DEBUG - No available compression types supported on both ends. locally supported: odict_keys([]). remotely supported: ['snappy', 'lz4']
2022-11-19 17:27:48,892 - cassandra.connection - DEBUG - Sending StartupMessage on <LibevConnection(140380064744208) 40bf567c-d6f1-41f4-acdc-2d55f7a65760-asia-south1.db.astra.datastax.com:29042:7d78e9c1-0951-47e5-ac2c-283fe5fc2d65>
2022-11-19 17:27:48,894 - cassandra.connection - DEBUG - Sent StartupMessage on <LibevConnection(140380064744208) 40bf567c-d6f1-41f4-acdc-2d55f7a65760-asia-south1.db.astra.datastax.com:29042:7d78e9c1-0951-47e5-ac2c-283fe5fc2d65>
2022-11-19 17:27:48,899 - cassandra.connection - DEBUG - Received options response on new connection (140380064261392) from 40bf567c-d6f1-41f4-acdc-2d55f7a65760-asia-south1.db.astra.datastax.com:29042:358ca568-08f7-42a4-8574-b72c6a0af7b7
2022-11-19 17:27:48,903 - cassandra.connection - DEBUG - No available compression types supported on both ends. locally supported: odict_keys([]). remotely supported: ['snappy', 'lz4']
2022-11-19 17:27:48,905 - cassandra.connection - DEBUG - Sending StartupMessage on <LibevConnection(140380064261392) 40bf567c-d6f1-41f4-acdc-2d55f7a65760-asia-south1.db.astra.datastax.com:29042:358ca568-08f7-42a4-8574-b72c6a0af7b7>
2022-11-19 17:27:48,908 - cassandra.connection - DEBUG - Sent StartupMessage on <LibevConnection(140380064261392) 40bf567c-d6f1-41f4-acdc-2d55f7a65760-asia-south1.db.astra.datastax.com:29042:358ca568-08f7-42a4-8574-b72c6a0af7b7>
2022-11-19 17:27:49,129 - cassandra.connection - DEBUG - Got AuthenticateMessage on new connection (140380064744208) from 40bf567c-d6f1-41f4-acdc-2d55f7a65760-asia-south1.db.astra.datastax.com:29042:7d78e9c1-0951-47e5-ac2c-283fe5fc2d65: org.apache.cassandra.auth.PasswordAuthenticator
2022-11-19 17:27:49,130 - cassandra.connection - DEBUG - Sending SASL-based auth response on <LibevConnection(140380064744208) 40bf567c-d6f1-41f4-acdc-2d55f7a65760-asia-south1.db.astra.datastax.com:29042:7d78e9c1-0951-47e5-ac2c-283fe5fc2d65>
2022-11-19 17:27:49,140 - cassandra.connection - DEBUG - Got AuthenticateMessage on new connection (140380064261392) from 40bf567c-d6f1-41f4-acdc-2d55f7a65760-asia-south1.db.astra.datastax.com:29042:358ca568-08f7-42a4-8574-b72c6a0af7b7: org.apache.cassandra.auth.PasswordAuthenticator
2022-11-19 17:27:49,141 - cassandra.connection - DEBUG - Sending SASL-based auth response on <LibevConnection(140380064261392) 40bf567c-d6f1-41f4-acdc-2d55f7a65760-asia-south1.db.astra.datastax.com:29042:358ca568-08f7-42a4-8574-b72c6a0af7b7>
2022-11-19 17:27:49,371 - cassandra.connection - DEBUG - Connection <LibevConnection(140380064744208) 40bf567c-d6f1-41f4-acdc-2d55f7a65760-asia-south1.db.astra.datastax.com:29042:7d78e9c1-0951-47e5-ac2c-283fe5fc2d65> successfully authenticated
2022-11-19 17:27:49,373 - cassandra.pool - DEBUG - Finished initializing connection for host 40bf567c-d6f1-41f4-acdc-2d55f7a65760-asia-south1.db.astra.datastax.com:29042:7d78e9c1-0951-47e5-ac2c-283fe5fc2d65
2022-11-19 17:27:49,377 - cassandra.cluster - DEBUG - Added pool for host 40bf567c-d6f1-41f4-acdc-2d55f7a65760-asia-south1.db.astra.datastax.com:29042:7d78e9c1-0951-47e5-ac2c-283fe5fc2d65 to session
2022-11-19 17:27:49,379 - cassandra.pool - DEBUG - Initializing connection for host 40bf567c-d6f1-41f4-acdc-2d55f7a65760-asia-south1.db.astra.datastax.com:29042:44e57ad8-5416-4b95-85e3-f9e4c0f2a66b
2022-11-19 17:27:49,386 - cassandra.connection - DEBUG - Connection <LibevConnection(140380064261392) 40bf567c-d6f1-41f4-acdc-2d55f7a65760-asia-south1.db.astra.datastax.com:29042:358ca568-08f7-42a4-8574-b72c6a0af7b7> successfully authenticated
2022-11-19 17:27:49,391 - cassandra.pool - DEBUG - Finished initializing connection for host 40bf567c-d6f1-41f4-acdc-2d55f7a65760-asia-south1.db.astra.datastax.com:29042:358ca568-08f7-42a4-8574-b72c6a0af7b7
2022-11-19 17:27:49,394 - cassandra.cluster - DEBUG - Added pool for host 40bf567c-d6f1-41f4-acdc-2d55f7a65760-asia-south1.db.astra.datastax.com:29042:358ca568-08f7-42a4-8574-b72c6a0af7b7 to session
2022-11-19 17:27:49,400 - cassandra.cluster - DEBUG - Not starting MonitorReporter thread for Insights; not supported by server version 4.0.0.6816 on ControlConnection host 40bf567c-d6f1-41f4-acdc-2d55f7a65760-asia-south1.db.astra.datastax.com:29042:44e57ad8-5416-4b95-85e3-f9e4c0f2a66b
2022-11-19 17:27:49,402 - cassandra.cluster - DEBUG - Started Session with client_id d4ca4e67-8dd2-4e31-a8b3-f3d9551ac840 and session_id b797a5f9-9d7f-4751-ae9c-5aab01573141
2022-11-19 17:27:49,850 - cassandra.connection - DEBUG - Sending initial options message for new connection (140380064396048) to 40bf567c-d6f1-41f4-acdc-2d55f7a65760-asia-south1.db.astra.datastax.com:29042:44e57ad8-5416-4b95-85e3-f9e4c0f2a66b
2022-11-19 17:27:50,311 - cassandra.connection - DEBUG - Received options response on new connection (140380064396048) from 40bf567c-d6f1-41f4-acdc-2d55f7a65760-asia-south1.db.astra.datastax.com:29042:44e57ad8-5416-4b95-85e3-f9e4c0f2a66b
2022-11-19 17:27:50,313 - cassandra.connection - DEBUG - No available compression types supported on both ends. locally supported: odict_keys([]). remotely supported: ['snappy', 'lz4']
2022-11-19 17:27:50,314 - cassandra.connection - DEBUG - Sending StartupMessage on <LibevConnection(140380064396048) 40bf567c-d6f1-41f4-acdc-2d55f7a65760-asia-south1.db.astra.datastax.com:29042:44e57ad8-5416-4b95-85e3-f9e4c0f2a66b>
2022-11-19 17:27:50,316 - cassandra.connection - DEBUG - Sent StartupMessage on <LibevConnection(140380064396048) 40bf567c-d6f1-41f4-acdc-2d55f7a65760-asia-south1.db.astra.datastax.com:29042:44e57ad8-5416-4b95-85e3-f9e4c0f2a66b>
2022-11-19 17:27:50,548 - cassandra.connection - DEBUG - Got AuthenticateMessage on new connection (140380064396048) from 40bf567c-d6f1-41f4-acdc-2d55f7a65760-asia-south1.db.astra.datastax.com:29042:44e57ad8-5416-4b95-85e3-f9e4c0f2a66b: org.apache.cassandra.auth.PasswordAuthenticator
2022-11-19 17:27:50,550 - cassandra.connection - DEBUG - Sending SASL-based auth response on <LibevConnection(140380064396048) 40bf567c-d6f1-41f4-acdc-2d55f7a65760-asia-south1.db.astra.datastax.com:29042:44e57ad8-5416-4b95-85e3-f9e4c0f2a66b>
2022-11-19 17:27:50,785 - cassandra.connection - DEBUG - Connection <LibevConnection(140380064396048) 40bf567c-d6f1-41f4-acdc-2d55f7a65760-asia-south1.db.astra.datastax.com:29042:44e57ad8-5416-4b95-85e3-f9e4c0f2a66b> successfully authenticated
2022-11-19 17:27:50,789 - cassandra.pool - DEBUG - Finished initializing connection for host 40bf567c-d6f1-41f4-acdc-2d55f7a65760-asia-south1.db.astra.datastax.com:29042:44e57ad8-5416-4b95-85e3-f9e4c0f2a66b
2022-11-19 17:27:50,792 - cassandra.cluster - DEBUG - Added pool for host 40bf567c-d6f1-41f4-acdc-2d55f7a65760-asia-south1.db.astra.datastax.com:29042:44e57ad8-5416-4b95-85e3-f9e4c0f2a66b to session
2022-11-19 17:29:34,346 - root - INFO - Extracting data from database..
2022-11-19 17:29:47,977 - cassandra.connection - DEBUG - Sending options message heartbeat on idle connection (140380064263376) 40bf567c-d6f1-41f4-acdc-2d55f7a65760-asia-south1.db.astra.datastax.com:29042:44e57ad8-5416-4b95-85e3-f9e4c0f2a66b
2022-11-19 17:29:48,212 - cassandra.connection - DEBUG - Received options response on connection (140380064263376) from 40bf567c-d6f1-41f4-acdc-2d55f7a65760-asia-south1.db.astra.datastax.com:29042:44e57ad8-5416-4b95-85e3-f9e4c0f2a66b
2022-11-19 17:29:49,725 - root - INFO - Data extraction completed.
2022-11-19 17:30:06,148 - root - INFO - Feature engineering started..
2022-11-19 17:30:06,639 - root - INFO - Feature engineering completed.
2022-11-19 17:30:17,981 - cassandra.connection - DEBUG - Sending options message heartbeat on idle connection (140380064744208) 40bf567c-d6f1-41f4-acdc-2d55f7a65760-asia-south1.db.astra.datastax.com:29042:7d78e9c1-0951-47e5-ac2c-283fe5fc2d65
2022-11-19 17:30:17,983 - cassandra.connection - DEBUG - Sending options message heartbeat on idle connection (140380064261392) 40bf567c-d6f1-41f4-acdc-2d55f7a65760-asia-south1.db.astra.datastax.com:29042:358ca568-08f7-42a4-8574-b72c6a0af7b7
2022-11-19 17:30:17,985 - cassandra.connection - DEBUG - Sending options message heartbeat on idle connection (140380064396048) 40bf567c-d6f1-41f4-acdc-2d55f7a65760-asia-south1.db.astra.datastax.com:29042:44e57ad8-5416-4b95-85e3-f9e4c0f2a66b
2022-11-19 17:30:17,989 - cassandra.connection - DEBUG - Sending options message heartbeat on idle connection (140380064263376) 40bf567c-d6f1-41f4-acdc-2d55f7a65760-asia-south1.db.astra.datastax.com:29042:44e57ad8-5416-4b95-85e3-f9e4c0f2a66b
2022-11-19 17:30:18,213 - cassandra.connection - DEBUG - Received options response on connection (140380064744208) from 40bf567c-d6f1-41f4-acdc-2d55f7a65760-asia-south1.db.astra.datastax.com:29042:7d78e9c1-0951-47e5-ac2c-283fe5fc2d65
2022-11-19 17:30:18,216 - cassandra.connection - DEBUG - Received options response on connection (140380064261392) from 40bf567c-d6f1-41f4-acdc-2d55f7a65760-asia-south1.db.astra.datastax.com:29042:358ca568-08f7-42a4-8574-b72c6a0af7b7
2022-11-19 17:30:18,221 - cassandra.connection - DEBUG - Received options response on connection (140380064396048) from 40bf567c-d6f1-41f4-acdc-2d55f7a65760-asia-south1.db.astra.datastax.com:29042:44e57ad8-5416-4b95-85e3-f9e4c0f2a66b
2022-11-19 17:30:18,223 - cassandra.connection - DEBUG - Received options response on connection (140380064263376) from 40bf567c-d6f1-41f4-acdc-2d55f7a65760-asia-south1.db.astra.datastax.com:29042:44e57ad8-5416-4b95-85e3-f9e4c0f2a66b
2022-11-19 17:30:25,512 - root - INFO - Modeling started.
2022-11-19 17:30:47,992 - cassandra.connection - DEBUG - Sending options message heartbeat on idle connection (140380064744208) 40bf567c-d6f1-41f4-acdc-2d55f7a65760-asia-south1.db.astra.datastax.com:29042:7d78e9c1-0951-47e5-ac2c-283fe5fc2d65
2022-11-19 17:30:47,994 - cassandra.connection - DEBUG - Sending options message heartbeat on idle connection (140380064261392) 40bf567c-d6f1-41f4-acdc-2d55f7a65760-asia-south1.db.astra.datastax.com:29042:358ca568-08f7-42a4-8574-b72c6a0af7b7
2022-11-19 17:30:47,996 - cassandra.connection - DEBUG - Sending options message heartbeat on idle connection (140380064396048) 40bf567c-d6f1-41f4-acdc-2d55f7a65760-asia-south1.db.astra.datastax.com:29042:44e57ad8-5416-4b95-85e3-f9e4c0f2a66b
2022-11-19 17:30:47,997 - cassandra.connection - DEBUG - Sending options message heartbeat on idle connection (140380064263376) 40bf567c-d6f1-41f4-acdc-2d55f7a65760-asia-south1.db.astra.datastax.com:29042:44e57ad8-5416-4b95-85e3-f9e4c0f2a66b
2022-11-19 17:30:48,224 - cassandra.connection - DEBUG - Received options response on connection (140380064744208) from 40bf567c-d6f1-41f4-acdc-2d55f7a65760-asia-south1.db.astra.datastax.com:29042:7d78e9c1-0951-47e5-ac2c-283fe5fc2d65
2022-11-19 17:30:48,226 - cassandra.connection - DEBUG - Received options response on connection (140380064261392) from 40bf567c-d6f1-41f4-acdc-2d55f7a65760-asia-south1.db.astra.datastax.com:29042:358ca568-08f7-42a4-8574-b72c6a0af7b7
2022-11-19 17:30:48,228 - cassandra.connection - DEBUG - Received options response on connection (140380064396048) from 40bf567c-d6f1-41f4-acdc-2d55f7a65760-asia-south1.db.astra.datastax.com:29042:44e57ad8-5416-4b95-85e3-f9e4c0f2a66b
2022-11-19 17:30:48,230 - cassandra.connection - DEBUG - Received options response on connection (140380064263376) from 40bf567c-d6f1-41f4-acdc-2d55f7a65760-asia-south1.db.astra.datastax.com:29042:44e57ad8-5416-4b95-85e3-f9e4c0f2a66b
2022-11-19 17:31:17,999 - cassandra.connection - DEBUG - Sending options message heartbeat on idle connection (140380064744208) 40bf567c-d6f1-41f4-acdc-2d55f7a65760-asia-south1.db.astra.datastax.com:29042:7d78e9c1-0951-47e5-ac2c-283fe5fc2d65
2022-11-19 17:31:18,002 - cassandra.connection - DEBUG - Sending options message heartbeat on idle connection (140380064261392) 40bf567c-d6f1-41f4-acdc-2d55f7a65760-asia-south1.db.astra.datastax.com:29042:358ca568-08f7-42a4-8574-b72c6a0af7b7
2022-11-19 17:31:18,004 - cassandra.connection - DEBUG - Sending options message heartbeat on idle connection (140380064396048) 40bf567c-d6f1-41f4-acdc-2d55f7a65760-asia-south1.db.astra.datastax.com:29042:44e57ad8-5416-4b95-85e3-f9e4c0f2a66b
2022-11-19 17:31:18,006 - cassandra.connection - DEBUG - Sending options message heartbeat on idle connection (140380064263376) 40bf567c-d6f1-41f4-acdc-2d55f7a65760-asia-south1.db.astra.datastax.com:29042:44e57ad8-5416-4b95-85e3-f9e4c0f2a66b
2022-11-19 17:31:18,233 - cassandra.connection - DEBUG - Received options response on connection (140380064744208) from 40bf567c-d6f1-41f4-acdc-2d55f7a65760-asia-south1.db.astra.datastax.com:29042:7d78e9c1-0951-47e5-ac2c-283fe5fc2d65
2022-11-19 17:31:18,235 - cassandra.connection - DEBUG - Received options response on connection (140380064261392) from 40bf567c-d6f1-41f4-acdc-2d55f7a65760-asia-south1.db.astra.datastax.com:29042:358ca568-08f7-42a4-8574-b72c6a0af7b7
2022-11-19 17:31:18,237 - cassandra.connection - DEBUG - Received options response on connection (140380064396048) from 40bf567c-d6f1-41f4-acdc-2d55f7a65760-asia-south1.db.astra.datastax.com:29042:44e57ad8-5416-4b95-85e3-f9e4c0f2a66b
2022-11-19 17:31:18,239 - cassandra.connection - DEBUG - Received options response on connection (140380064263376) from 40bf567c-d6f1-41f4-acdc-2d55f7a65760-asia-south1.db.astra.datastax.com:29042:44e57ad8-5416-4b95-85e3-f9e4c0f2a66b
2022-11-19 17:31:48,008 - cassandra.connection - DEBUG - Sending options message heartbeat on idle connection (140380064744208) 40bf567c-d6f1-41f4-acdc-2d55f7a65760-asia-south1.db.astra.datastax.com:29042:7d78e9c1-0951-47e5-ac2c-283fe5fc2d65
2022-11-19 17:31:48,011 - cassandra.connection - DEBUG - Sending options message heartbeat on idle connection (140380064261392) 40bf567c-d6f1-41f4-acdc-2d55f7a65760-asia-south1.db.astra.datastax.com:29042:358ca568-08f7-42a4-8574-b72c6a0af7b7
2022-11-19 17:31:48,013 - cassandra.connection - DEBUG - Sending options message heartbeat on idle connection (140380064396048) 40bf567c-d6f1-41f4-acdc-2d55f7a65760-asia-south1.db.astra.datastax.com:29042:44e57ad8-5416-4b95-85e3-f9e4c0f2a66b
2022-11-19 17:31:48,016 - cassandra.connection - DEBUG - Sending options message heartbeat on idle connection (140380064263376) 40bf567c-d6f1-41f4-acdc-2d55f7a65760-asia-south1.db.astra.datastax.com:29042:44e57ad8-5416-4b95-85e3-f9e4c0f2a66b
2022-11-19 17:31:48,243 - cassandra.connection - DEBUG - Received options response on connection (140380064744208) from 40bf567c-d6f1-41f4-acdc-2d55f7a65760-asia-south1.db.astra.datastax.com:29042:7d78e9c1-0951-47e5-ac2c-283fe5fc2d65
2022-11-19 17:31:48,246 - cassandra.connection - DEBUG - Received options response on connection (140380064261392) from 40bf567c-d6f1-41f4-acdc-2d55f7a65760-asia-south1.db.astra.datastax.com:29042:358ca568-08f7-42a4-8574-b72c6a0af7b7
2022-11-19 17:31:48,248 - cassandra.connection - DEBUG - Received options response on connection (140380064396048) from 40bf567c-d6f1-41f4-acdc-2d55f7a65760-asia-south1.db.astra.datastax.com:29042:44e57ad8-5416-4b95-85e3-f9e4c0f2a66b
2022-11-19 17:31:48,255 - cassandra.connection - DEBUG - Received options response on connection (140380064263376) from 40bf567c-d6f1-41f4-acdc-2d55f7a65760-asia-south1.db.astra.datastax.com:29042:44e57ad8-5416-4b95-85e3-f9e4c0f2a66b
2022-11-19 17:32:18,020 - cassandra.connection - DEBUG - Sending options message heartbeat on idle connection (140380064744208) 40bf567c-d6f1-41f4-acdc-2d55f7a65760-asia-south1.db.astra.datastax.com:29042:7d78e9c1-0951-47e5-ac2c-283fe5fc2d65
2022-11-19 17:32:18,023 - cassandra.connection - DEBUG - Sending options message heartbeat on idle connection (140380064261392) 40bf567c-d6f1-41f4-acdc-2d55f7a65760-asia-south1.db.astra.datastax.com:29042:358ca568-08f7-42a4-8574-b72c6a0af7b7
2022-11-19 17:32:18,026 - cassandra.connection - DEBUG - Sending options message heartbeat on idle connection (140380064396048) 40bf567c-d6f1-41f4-acdc-2d55f7a65760-asia-south1.db.astra.datastax.com:29042:44e57ad8-5416-4b95-85e3-f9e4c0f2a66b
2022-11-19 17:32:18,029 - cassandra.connection - DEBUG - Sending options message heartbeat on idle connection (140380064263376) 40bf567c-d6f1-41f4-acdc-2d55f7a65760-asia-south1.db.astra.datastax.com:29042:44e57ad8-5416-4b95-85e3-f9e4c0f2a66b
2022-11-19 17:32:18,254 - cassandra.connection - DEBUG - Received options response on connection (140380064744208) from 40bf567c-d6f1-41f4-acdc-2d55f7a65760-asia-south1.db.astra.datastax.com:29042:7d78e9c1-0951-47e5-ac2c-283fe5fc2d65
2022-11-19 17:32:18,257 - cassandra.connection - DEBUG - Received options response on connection (140380064261392) from 40bf567c-d6f1-41f4-acdc-2d55f7a65760-asia-south1.db.astra.datastax.com:29042:358ca568-08f7-42a4-8574-b72c6a0af7b7
2022-11-19 17:32:18,261 - cassandra.connection - DEBUG - Received options response on connection (140380064396048) from 40bf567c-d6f1-41f4-acdc-2d55f7a65760-asia-south1.db.astra.datastax.com:29042:44e57ad8-5416-4b95-85e3-f9e4c0f2a66b
2022-11-19 17:32:18,264 - cassandra.connection - DEBUG - Received options response on connection (140380064263376) from 40bf567c-d6f1-41f4-acdc-2d55f7a65760-asia-south1.db.astra.datastax.com:29042:44e57ad8-5416-4b95-85e3-f9e4c0f2a66b
2022-11-19 17:32:22,639 - root - INFO - Initial modeling phase ends..
2022-11-19 17:33:18,046 - cassandra.connection - DEBUG - Sending options message heartbeat on idle connection (140380064261392) 40bf567c-d6f1-41f4-acdc-2d55f7a65760-asia-south1.db.astra.datastax.com:29042:358ca568-08f7-42a4-8574-b72c6a0af7b7
2022-11-19 17:33:18,048 - cassandra.connection - DEBUG - Sending options message heartbeat on idle connection (140380064396048) 40bf567c-d6f1-41f4-acdc-2d55f7a65760-asia-south1.db.astra.datastax.com:29042:44e57ad8-5416-4b95-85e3-f9e4c0f2a66b
2022-11-19 17:33:18,050 - cassandra.connection - DEBUG - Sending options message heartbeat on idle connection (140380064263376) 40bf567c-d6f1-41f4-acdc-2d55f7a65760-asia-south1.db.astra.datastax.com:29042:44e57ad8-5416-4b95-85e3-f9e4c0f2a66b
2022-11-19 17:33:18,277 - cassandra.connection - DEBUG - Received options response on connection (140380064744208) from 40bf567c-d6f1-41f4-acdc-2d55f7a65760-asia-south1.db.astra.datastax.com:29042:7d78e9c1-0951-47e5-ac2c-283fe5fc2d65
2022-11-19 17:33:18,280 - cassandra.connection - DEBUG - Received options response on connection (140380064261392) from 40bf567c-d6f1-41f4-acdc-2d55f7a65760-asia-south1.db.astra.datastax.com:29042:358ca568-08f7-42a4-8574-b72c6a0af7b7
2022-11-19 17:33:18,283 - cassandra.connection - DEBUG - Received options response on connection (140380064263376) from 40bf567c-d6f1-41f4-acdc-2d55f7a65760-asia-south1.db.astra.datastax.com:29042:44e57ad8-5416-4b95-85e3-f9e4c0f2a66b
2022-11-19 17:33:18,285 - cassandra.connection - DEBUG - Received options response on connection (140380064396048) from 40bf567c-d6f1-41f4-acdc-2d55f7a65760-asia-south1.db.astra.datastax.com:29042:44e57ad8-5416-4b95-85e3-f9e4c0f2a66b
2022-11-19 17:33:48,052 - cassandra.connection - DEBUG - Sending options message heartbeat on idle connection (140380064744208) 40bf567c-d6f1-41f4-acdc-2d55f7a65760-asia-south1.db.astra.datastax.com:29042:7d78e9c1-0951-47e5-ac2c-283fe5fc2d65
2022-11-19 17:33:48,054 - cassandra.connection - DEBUG - Sending options message heartbeat on idle connection (140380064261392) 40bf567c-d6f1-41f4-acdc-2d55f7a65760-asia-south1.db.astra.datastax.com:29042:358ca568-08f7-42a4-8574-b72c6a0af7b7
2022-11-19 17:33:48,062 - cassandra.connection - DEBUG - Sending options message heartbeat on idle connection (140380064396048) 40bf567c-d6f1-41f4-acdc-2d55f7a65760-asia-south1.db.astra.datastax.com:29042:44e57ad8-5416-4b95-85e3-f9e4c0f2a66b
2022-11-19 17:33:48,068 - cassandra.connection - DEBUG - Sending options message heartbeat on idle connection (140380064263376) 40bf567c-d6f1-41f4-acdc-2d55f7a65760-asia-south1.db.astra.datastax.com:29042:44e57ad8-5416-4b95-85e3-f9e4c0f2a66b
2022-11-19 17:33:48,292 - cassandra.connection - DEBUG - Received options response on connection (140380064744208) from 40bf567c-d6f1-41f4-acdc-2d55f7a65760-asia-south1.db.astra.datastax.com:29042:7d78e9c1-0951-47e5-ac2c-283fe5fc2d65
2022-11-19 17:33:48,295 - cassandra.connection - DEBUG - Received options response on connection (140380064261392) from 40bf567c-d6f1-41f4-acdc-2d55f7a65760-asia-south1.db.astra.datastax.com:29042:358ca568-08f7-42a4-8574-b72c6a0af7b7
2022-11-19 17:33:48,302 - cassandra.connection - DEBUG - Received options response on connection (140380064396048) from 40bf567c-d6f1-41f4-acdc-2d55f7a65760-asia-south1.db.astra.datastax.com:29042:44e57ad8-5416-4b95-85e3-f9e4c0f2a66b
2022-11-19 17:33:48,309 - cassandra.connection - DEBUG - Received options response on connection (140380064263376) from 40bf567c-d6f1-41f4-acdc-2d55f7a65760-asia-south1.db.astra.datastax.com:29042:44e57ad8-5416-4b95-85e3-f9e4c0f2a66b
2022-11-19 17:34:18,076 - cassandra.connection - DEBUG - Sending options message heartbeat on idle connection (140380064744208) 40bf567c-d6f1-41f4-acdc-2d55f7a65760-asia-south1.db.astra.datastax.com:29042:7d78e9c1-0951-47e5-ac2c-283fe5fc2d65
2022-11-19 17:34:18,089 - cassandra.connection - DEBUG - Sending options message heartbeat on idle connection (140380064261392) 40bf567c-d6f1-41f4-acdc-2d55f7a65760-asia-south1.db.astra.datastax.com:29042:358ca568-08f7-42a4-8574-b72c6a0af7b7
2022-11-19 17:34:18,091 - cassandra.connection - DEBUG - Sending options message heartbeat on idle connection (140380064396048) 40bf567c-d6f1-41f4-acdc-2d55f7a65760-asia-south1.db.astra.datastax.com:29042:44e57ad8-5416-4b95-85e3-f9e4c0f2a66b
2022-11-19 17:34:18,093 - cassandra.connection - DEBUG - Sending options message heartbeat on idle connection (140380064263376) 40bf567c-d6f1-41f4-acdc-2d55f7a65760-asia-south1.db.astra.datastax.com:29042:44e57ad8-5416-4b95-85e3-f9e4c0f2a66b
2022-11-19 17:34:18,320 - cassandra.connection - DEBUG - Received options response on connection (140380064744208) from 40bf567c-d6f1-41f4-acdc-2d55f7a65760-asia-south1.db.astra.datastax.com:29042:7d78e9c1-0951-47e5-ac2c-283fe5fc2d65
2022-11-19 17:34:18,324 - cassandra.connection - DEBUG - Received options response on connection (140380064261392) from 40bf567c-d6f1-41f4-acdc-2d55f7a65760-asia-south1.db.astra.datastax.com:29042:358ca568-08f7-42a4-8574-b72c6a0af7b7
2022-11-19 17:34:18,326 - cassandra.connection - DEBUG - Received options response on connection (140380064263376) from 40bf567c-d6f1-41f4-acdc-2d55f7a65760-asia-south1.db.astra.datastax.com:29042:44e57ad8-5416-4b95-85e3-f9e4c0f2a66b
2022-11-19 17:34:18,328 - cassandra.connection - DEBUG - Received options response on connection (140380064396048) from 40bf567c-d6f1-41f4-acdc-2d55f7a65760-asia-south1.db.astra.datastax.com:29042:44e57ad8-5416-4b95-85e3-f9e4c0f2a66b
2022-11-19 17:34:48,095 - cassandra.connection - DEBUG - Sending options message heartbeat on idle connection (140380064744208) 40bf567c-d6f1-41f4-acdc-2d55f7a65760-asia-south1.db.astra.datastax.com:29042:7d78e9c1-0951-47e5-ac2c-283fe5fc2d65
2022-11-19 17:34:48,097 - cassandra.connection - DEBUG - Sending options message heartbeat on idle connection (140380064261392) 40bf567c-d6f1-41f4-acdc-2d55f7a65760-asia-south1.db.astra.datastax.com:29042:358ca568-08f7-42a4-8574-b72c6a0af7b7
2022-11-19 17:34:48,101 - cassandra.connection - DEBUG - Sending options message heartbeat on idle connection (140380064396048) 40bf567c-d6f1-41f4-acdc-2d55f7a65760-asia-south1.db.astra.datastax.com:29042:44e57ad8-5416-4b95-85e3-f9e4c0f2a66b
2022-11-19 17:34:48,102 - cassandra.connection - DEBUG - Sending options message heartbeat on idle connection (140380064263376) 40bf567c-d6f1-41f4-acdc-2d55f7a65760-asia-south1.db.astra.datastax.com:29042:44e57ad8-5416-4b95-85e3-f9e4c0f2a66b
2022-11-19 17:34:48,328 - cassandra.connection - DEBUG - Received options response on connection (140380064744208) from 40bf567c-d6f1-41f4-acdc-2d55f7a65760-asia-south1.db.astra.datastax.com:29042:7d78e9c1-0951-47e5-ac2c-283fe5fc2d65
2022-11-19 17:34:48,331 - cassandra.connection - DEBUG - Received options response on connection (140380064261392) from 40bf567c-d6f1-41f4-acdc-2d55f7a65760-asia-south1.db.astra.datastax.com:29042:358ca568-08f7-42a4-8574-b72c6a0af7b7
2022-11-19 17:34:48,335 - cassandra.connection - DEBUG - Received options response on connection (140380064396048) from 40bf567c-d6f1-41f4-acdc-2d55f7a65760-asia-south1.db.astra.datastax.com:29042:44e57ad8-5416-4b95-85e3-f9e4c0f2a66b
2022-11-19 17:34:48,338 - cassandra.connection - DEBUG - Received options response on connection (140380064263376) from 40bf567c-d6f1-41f4-acdc-2d55f7a65760-asia-south1.db.astra.datastax.com:29042:44e57ad8-5416-4b95-85e3-f9e4c0f2a66b
2022-11-19 17:35:18,107 - cassandra.connection - DEBUG - Sending options message heartbeat on idle connection (140380064744208) 40bf567c-d6f1-41f4-acdc-2d55f7a65760-asia-south1.db.astra.datastax.com:29042:7d78e9c1-0951-47e5-ac2c-283fe5fc2d65
2022-11-19 17:35:18,110 - cassandra.connection - DEBUG - Sending options message heartbeat on idle connection (140380064261392) 40bf567c-d6f1-41f4-acdc-2d55f7a65760-asia-south1.db.astra.datastax.com:29042:358ca568-08f7-42a4-8574-b72c6a0af7b7
2022-11-19 17:35:18,112 - cassandra.connection - DEBUG - Sending options message heartbeat on idle connection (140380064396048) 40bf567c-d6f1-41f4-acdc-2d55f7a65760-asia-south1.db.astra.datastax.com:29042:44e57ad8-5416-4b95-85e3-f9e4c0f2a66b
2022-11-19 17:35:18,113 - cassandra.connection - DEBUG - Sending options message heartbeat on idle connection (140380064263376) 40bf567c-d6f1-41f4-acdc-2d55f7a65760-asia-south1.db.astra.datastax.com:29042:44e57ad8-5416-4b95-85e3-f9e4c0f2a66b
2022-11-19 17:35:18,341 - cassandra.connection - DEBUG - Received options response on connection (140380064744208) from 40bf567c-d6f1-41f4-acdc-2d55f7a65760-asia-south1.db.astra.datastax.com:29042:7d78e9c1-0951-47e5-ac2c-283fe5fc2d65
2022-11-19 17:35:18,342 - cassandra.connection - DEBUG - Received options response on connection (140380064261392) from 40bf567c-d6f1-41f4-acdc-2d55f7a65760-asia-south1.db.astra.datastax.com:29042:358ca568-08f7-42a4-8574-b72c6a0af7b7
2022-11-19 17:35:18,345 - cassandra.connection - DEBUG - Received options response on connection (140380064396048) from 40bf567c-d6f1-41f4-acdc-2d55f7a65760-asia-south1.db.astra.datastax.com:29042:44e57ad8-5416-4b95-85e3-f9e4c0f2a66b
2022-11-19 17:35:18,347 - cassandra.connection - DEBUG - Received options response on connection (140380064263376) from 40bf567c-d6f1-41f4-acdc-2d55f7a65760-asia-south1.db.astra.datastax.com:29042:44e57ad8-5416-4b95-85e3-f9e4c0f2a66b
2022-11-19 17:35:48,115 - cassandra.connection - DEBUG - Sending options message heartbeat on idle connection (140380064744208) 40bf567c-d6f1-41f4-acdc-2d55f7a65760-asia-south1.db.astra.datastax.com:29042:7d78e9c1-0951-47e5-ac2c-283fe5fc2d65
2022-11-19 17:35:48,119 - cassandra.connection - DEBUG - Sending options message heartbeat on idle connection (140380064261392) 40bf567c-d6f1-41f4-acdc-2d55f7a65760-asia-south1.db.astra.datastax.com:29042:358ca568-08f7-42a4-8574-b72c6a0af7b7
2022-11-19 17:35:48,122 - cassandra.connection - DEBUG - Sending options message heartbeat on idle connection (140380064396048) 40bf567c-d6f1-41f4-acdc-2d55f7a65760-asia-south1.db.astra.datastax.com:29042:44e57ad8-5416-4b95-85e3-f9e4c0f2a66b
2022-11-19 17:35:48,125 - cassandra.connection - DEBUG - Sending options message heartbeat on idle connection (140380064263376) 40bf567c-d6f1-41f4-acdc-2d55f7a65760-asia-south1.db.astra.datastax.com:29042:44e57ad8-5416-4b95-85e3-f9e4c0f2a66b
2022-11-19 17:35:48,351 - cassandra.connection - DEBUG - Received options response on connection (140380064744208) from 40bf567c-d6f1-41f4-acdc-2d55f7a65760-asia-south1.db.astra.datastax.com:29042:7d78e9c1-0951-47e5-ac2c-283fe5fc2d65
2022-11-19 17:35:48,353 - cassandra.connection - DEBUG - Received options response on connection (140380064261392) from 40bf567c-d6f1-41f4-acdc-2d55f7a65760-asia-south1.db.astra.datastax.com:29042:358ca568-08f7-42a4-8574-b72c6a0af7b7
2022-11-19 17:35:48,357 - cassandra.connection - DEBUG - Received options response on connection (140380064396048) from 40bf567c-d6f1-41f4-acdc-2d55f7a65760-asia-south1.db.astra.datastax.com:29042:44e57ad8-5416-4b95-85e3-f9e4c0f2a66b
2022-11-19 17:35:48,362 - cassandra.connection - DEBUG - Received options response on connection (140380064263376) from 40bf567c-d6f1-41f4-acdc-2d55f7a65760-asia-south1.db.astra.datastax.com:29042:44e57ad8-5416-4b95-85e3-f9e4c0f2a66b
2022-11-19 17:36:18,132 - cassandra.connection - DEBUG - Sending options message heartbeat on idle connection (140380064744208) 40bf567c-d6f1-41f4-acdc-2d55f7a65760-asia-south1.db.astra.datastax.com:29042:7d78e9c1-0951-47e5-ac2c-283fe5fc2d65
2022-11-19 17:36:18,135 - cassandra.connection - DEBUG - Sending options message heartbeat on idle connection (140380064261392) 40bf567c-d6f1-41f4-acdc-2d55f7a65760-asia-south1.db.astra.datastax.com:29042:358ca568-08f7-42a4-8574-b72c6a0af7b7
2022-11-19 17:36:18,137 - cassandra.connection - DEBUG - Sending options message heartbeat on idle connection (140380064396048) 40bf567c-d6f1-41f4-acdc-2d55f7a65760-asia-south1.db.astra.datastax.com:29042:44e57ad8-5416-4b95-85e3-f9e4c0f2a66b
2022-11-19 17:36:18,139 - cassandra.connection - DEBUG - Sending options message heartbeat on idle connection (140380064263376) 40bf567c-d6f1-41f4-acdc-2d55f7a65760-asia-south1.db.astra.datastax.com:29042:44e57ad8-5416-4b95-85e3-f9e4c0f2a66b
2022-11-19 17:36:18,366 - cassandra.connection - DEBUG - Received options response on connection (140380064744208) from 40bf567c-d6f1-41f4-acdc-2d55f7a65760-asia-south1.db.astra.datastax.com:29042:7d78e9c1-0951-47e5-ac2c-283fe5fc2d65
2022-11-19 17:36:18,369 - cassandra.connection - DEBUG - Received options response on connection (140380064261392) from 40bf567c-d6f1-41f4-acdc-2d55f7a65760-asia-south1.db.astra.datastax.com:29042:358ca568-08f7-42a4-8574-b72c6a0af7b7
2022-11-19 17:36:18,372 - cassandra.connection - DEBUG - Received options response on connection (140380064263376) from 40bf567c-d6f1-41f4-acdc-2d55f7a65760-asia-south1.db.astra.datastax.com:29042:44e57ad8-5416-4b95-85e3-f9e4c0f2a66b
2022-11-19 17:36:18,374 - cassandra.connection - DEBUG - Received options response on connection (140380064396048) from 40bf567c-d6f1-41f4-acdc-2d55f7a65760-asia-south1.db.astra.datastax.com:29042:44e57ad8-5416-4b95-85e3-f9e4c0f2a66b
2022-11-19 17:36:48,142 - cassandra.connection - DEBUG - Sending options message heartbeat on idle connection (140380064744208) 40bf567c-d6f1-41f4-acdc-2d55f7a65760-asia-south1.db.astra.datastax.com:29042:7d78e9c1-0951-47e5-ac2c-283fe5fc2d65
2022-11-19 17:36:48,149 - cassandra.connection - DEBUG - Sending options message heartbeat on idle connection (140380064261392) 40bf567c-d6f1-41f4-acdc-2d55f7a65760-asia-south1.db.astra.datastax.com:29042:358ca568-08f7-42a4-8574-b72c6a0af7b7
2022-11-19 17:36:48,150 - cassandra.connection - DEBUG - Sending options message heartbeat on idle connection (140380064396048) 40bf567c-d6f1-41f4-acdc-2d55f7a65760-asia-south1.db.astra.datastax.com:29042:44e57ad8-5416-4b95-85e3-f9e4c0f2a66b
2022-11-19 17:36:48,165 - cassandra.connection - DEBUG - Sending options message heartbeat on idle connection (140380064263376) 40bf567c-d6f1-41f4-acdc-2d55f7a65760-asia-south1.db.astra.datastax.com:29042:44e57ad8-5416-4b95-85e3-f9e4c0f2a66b
2022-11-19 17:36:48,380 - cassandra.connection - DEBUG - Received options response on connection (140380064744208) from 40bf567c-d6f1-41f4-acdc-2d55f7a65760-asia-south1.db.astra.datastax.com:29042:7d78e9c1-0951-47e5-ac2c-283fe5fc2d65
2022-11-19 17:36:48,389 - cassandra.connection - DEBUG - Received options response on connection (140380064261392) from 40bf567c-d6f1-41f4-acdc-2d55f7a65760-asia-south1.db.astra.datastax.com:29042:358ca568-08f7-42a4-8574-b72c6a0af7b7
2022-11-19 17:36:48,397 - cassandra.connection - DEBUG - Received options response on connection (140380064396048) from 40bf567c-d6f1-41f4-acdc-2d55f7a65760-asia-south1.db.astra.datastax.com:29042:44e57ad8-5416-4b95-85e3-f9e4c0f2a66b
2022-11-19 17:36:48,404 - cassandra.connection - DEBUG - Received options response on connection (140380064263376) from 40bf567c-d6f1-41f4-acdc-2d55f7a65760-asia-south1.db.astra.datastax.com:29042:44e57ad8-5416-4b95-85e3-f9e4c0f2a66b
2022-11-19 17:37:18,171 - cassandra.connection - DEBUG - Sending options message heartbeat on idle connection (140380064744208) 40bf567c-d6f1-41f4-acdc-2d55f7a65760-asia-south1.db.astra.datastax.com:29042:7d78e9c1-0951-47e5-ac2c-283fe5fc2d65
2022-11-19 17:37:18,174 - cassandra.connection - DEBUG - Sending options message heartbeat on idle connection (140380064261392) 40bf567c-d6f1-41f4-acdc-2d55f7a65760-asia-south1.db.astra.datastax.com:29042:358ca568-08f7-42a4-8574-b72c6a0af7b7
2022-11-19 17:37:18,176 - cassandra.connection - DEBUG - Sending options message heartbeat on idle connection (140380064396048) 40bf567c-d6f1-41f4-acdc-2d55f7a65760-asia-south1.db.astra.datastax.com:29042:44e57ad8-5416-4b95-85e3-f9e4c0f2a66b
2022-11-19 17:37:18,178 - cassandra.connection - DEBUG - Sending options message heartbeat on idle connection (140380064263376) 40bf567c-d6f1-41f4-acdc-2d55f7a65760-asia-south1.db.astra.datastax.com:29042:44e57ad8-5416-4b95-85e3-f9e4c0f2a66b
2022-11-19 17:37:18,406 - cassandra.connection - DEBUG - Received options response on connection (140380064261392) from 40bf567c-d6f1-41f4-acdc-2d55f7a65760-asia-south1.db.astra.datastax.com:29042:358ca568-08f7-42a4-8574-b72c6a0af7b7
2022-11-19 17:37:18,409 - cassandra.connection - DEBUG - Received options response on connection (140380064744208) from 40bf567c-d6f1-41f4-acdc-2d55f7a65760-asia-south1.db.astra.datastax.com:29042:7d78e9c1-0951-47e5-ac2c-283fe5fc2d65
2022-11-19 17:37:18,412 - cassandra.connection - DEBUG - Received options response on connection (140380064396048) from 40bf567c-d6f1-41f4-acdc-2d55f7a65760-asia-south1.db.astra.datastax.com:29042:44e57ad8-5416-4b95-85e3-f9e4c0f2a66b
2022-11-19 17:37:18,417 - cassandra.connection - DEBUG - Received options response on connection (140380064263376) from 40bf567c-d6f1-41f4-acdc-2d55f7a65760-asia-south1.db.astra.datastax.com:29042:44e57ad8-5416-4b95-85e3-f9e4c0f2a66b
2022-11-19 17:37:48,180 - cassandra.connection - DEBUG - Sending options message heartbeat on idle connection (140380064744208) 40bf567c-d6f1-41f4-acdc-2d55f7a65760-asia-south1.db.astra.datastax.com:29042:7d78e9c1-0951-47e5-ac2c-283fe5fc2d65
2022-11-19 17:37:48,183 - cassandra.connection - DEBUG - Sending options message heartbeat on idle connection (140380064261392) 40bf567c-d6f1-41f4-acdc-2d55f7a65760-asia-south1.db.astra.datastax.com:29042:358ca568-08f7-42a4-8574-b72c6a0af7b7
2022-11-19 17:37:48,184 - cassandra.connection - DEBUG - Sending options message heartbeat on idle connection (140380064396048) 40bf567c-d6f1-41f4-acdc-2d55f7a65760-asia-south1.db.astra.datastax.com:29042:44e57ad8-5416-4b95-85e3-f9e4c0f2a66b
2022-11-19 17:37:48,186 - cassandra.connection - DEBUG - Sending options message heartbeat on idle connection (140380064263376) 40bf567c-d6f1-41f4-acdc-2d55f7a65760-asia-south1.db.astra.datastax.com:29042:44e57ad8-5416-4b95-85e3-f9e4c0f2a66b
2022-11-19 17:37:48,413 - cassandra.connection - DEBUG - Received options response on connection (140380064744208) from 40bf567c-d6f1-41f4-acdc-2d55f7a65760-asia-south1.db.astra.datastax.com:29042:7d78e9c1-0951-47e5-ac2c-283fe5fc2d65
2022-11-19 17:37:48,415 - cassandra.connection - DEBUG - Received options response on connection (140380064261392) from 40bf567c-d6f1-41f4-acdc-2d55f7a65760-asia-south1.db.astra.datastax.com:29042:358ca568-08f7-42a4-8574-b72c6a0af7b7
2022-11-19 17:37:48,420 - cassandra.connection - DEBUG - Received options response on connection (140380064263376) from 40bf567c-d6f1-41f4-acdc-2d55f7a65760-asia-south1.db.astra.datastax.com:29042:44e57ad8-5416-4b95-85e3-f9e4c0f2a66b
2022-11-19 17:37:48,424 - cassandra.connection - DEBUG - Received options response on connection (140380064396048) from 40bf567c-d6f1-41f4-acdc-2d55f7a65760-asia-south1.db.astra.datastax.com:29042:44e57ad8-5416-4b95-85e3-f9e4c0f2a66b
2022-11-19 17:37:56,502 - root - INFO - Selected best model..
2022-11-19 17:37:57,304 - root - INFO - Important features selecting..
2022-11-19 17:37:57,399 - matplotlib.font_manager - DEBUG - findfont: Matching sans\-serif:style=normal:variant=normal:weight=normal:stretch=normal:size=10.0.
2022-11-19 17:37:57,402 - matplotlib.font_manager - DEBUG - findfont: score(<Font 'DejaVu Serif' (DejaVuSerif.ttf) normal normal 400 normal>) = 10.05
2022-11-19 17:37:57,406 - matplotlib.font_manager - DEBUG - findfont: score(<Font 'DejaVu Serif' (DejaVuSerif-Italic.ttf) italic normal 400 normal>) = 11.05
2022-11-19 17:37:57,409 - matplotlib.font_manager - DEBUG - findfont: score(<Font 'DejaVu Serif' (DejaVuSerif-BoldItalic.ttf) italic normal 700 normal>) = 11.335
2022-11-19 17:37:57,413 - matplotlib.font_manager - DEBUG - findfont: score(<Font 'DejaVu Serif' (DejaVuSerif-Bold.ttf) normal normal 700 normal>) = 10.335
2022-11-19 17:37:57,415 - matplotlib.font_manager - DEBUG - findfont: score(<Font 'DejaVu Sans Mono' (DejaVuSansMono-Bold.ttf) normal normal 700 normal>) = 10.335
2022-11-19 17:37:57,417 - matplotlib.font_manager - DEBUG - findfont: score(<Font 'DejaVu Sans' (DejaVuSans.ttf) normal normal 400 normal>) = 0.05
2022-11-19 17:37:57,418 - matplotlib.font_manager - DEBUG - findfont: score(<Font 'STIXSizeOneSym' (STIXSizOneSymBol.ttf) normal normal 700 normal>) = 10.335
2022-11-19 17:37:57,420 - matplotlib.font_manager - DEBUG - findfont: score(<Font 'STIXNonUnicode' (STIXNonUni.ttf) normal normal regular normal>) = 10.05
2022-11-19 17:37:57,421 - matplotlib.font_manager - DEBUG - findfont: score(<Font 'DejaVu Sans Mono' (DejaVuSansMono-BoldOblique.ttf) oblique normal 700 normal>) = 11.335
2022-11-19 17:37:57,423 - matplotlib.font_manager - DEBUG - findfont: score(<Font 'STIXNonUnicode' (STIXNonUniIta.ttf) italic normal 400 normal>) = 11.05
2022-11-19 17:37:57,425 - matplotlib.font_manager - DEBUG - findfont: score(<Font 'STIXGeneral' (STIXGeneralBolIta.ttf) italic normal 700 normal>) = 11.335
2022-11-19 17:37:57,426 - matplotlib.font_manager - DEBUG - findfont: score(<Font 'STIXGeneral' (STIXGeneralItalic.ttf) italic normal 400 normal>) = 11.05
2022-11-19 17:37:57,428 - matplotlib.font_manager - DEBUG - findfont: score(<Font 'cmtt10' (cmtt10.ttf) normal normal 400 normal>) = 10.05
2022-11-19 17:37:57,430 - matplotlib.font_manager - DEBUG - findfont: score(<Font 'DejaVu Sans' (DejaVuSans-BoldOblique.ttf) oblique normal 700 normal>) = 1.335
2022-11-19 17:37:57,431 - matplotlib.font_manager - DEBUG - findfont: score(<Font 'STIXSizeFourSym' (STIXSizFourSymBol.ttf) normal normal 700 normal>) = 10.335
2022-11-19 17:37:57,434 - matplotlib.font_manager - DEBUG - findfont: score(<Font 'DejaVu Sans' (DejaVuSans-Oblique.ttf) oblique normal 400 normal>) = 1.05
2022-11-19 17:37:57,435 - matplotlib.font_manager - DEBUG - findfont: score(<Font 'STIXSizeFiveSym' (STIXSizFiveSymReg.ttf) normal normal regular normal>) = 10.05
2022-11-19 17:37:57,437 - matplotlib.font_manager - DEBUG - findfont: score(<Font 'cmr10' (cmr10.ttf) normal normal 400 normal>) = 10.05
2022-11-19 17:37:57,439 - matplotlib.font_manager - DEBUG - findfont: score(<Font 'DejaVu Sans' (DejaVuSans-Bold.ttf) normal normal 700 normal>) = 0.33499999999999996
2022-11-19 17:37:57,440 - matplotlib.font_manager - DEBUG - findfont: score(<Font 'STIXSizeTwoSym' (STIXSizTwoSymBol.ttf) normal normal 700 normal>) = 10.335
2022-11-19 17:37:57,442 - matplotlib.font_manager - DEBUG - findfont: score(<Font 'STIXNonUnicode' (STIXNonUniBol.ttf) normal normal 700 normal>) = 10.335
2022-11-19 17:37:57,444 - matplotlib.font_manager - DEBUG - findfont: score(<Font 'STIXSizeThreeSym' (STIXSizThreeSymBol.ttf) normal normal 700 normal>) = 10.335
2022-11-19 17:37:57,445 - matplotlib.font_manager - DEBUG - findfont: score(<Font 'STIXSizeOneSym' (STIXSizOneSymReg.ttf) normal normal regular normal>) = 10.05
2022-11-19 17:37:57,447 - matplotlib.font_manager - DEBUG - findfont: score(<Font 'STIXNonUnicode' (STIXNonUniBolIta.ttf) italic normal 700 normal>) = 11.335
2022-11-19 17:37:57,449 - matplotlib.font_manager - DEBUG - findfont: score(<Font 'STIXGeneral' (STIXGeneral.ttf) normal normal regular normal>) = 10.05
2022-11-19 17:37:57,450 - matplotlib.font_manager - DEBUG - findfont: score(<Font 'DejaVu Sans Mono' (DejaVuSansMono-Oblique.ttf) oblique normal 400 normal>) = 11.05
2022-11-19 17:37:57,452 - matplotlib.font_manager - DEBUG - findfont: score(<Font 'STIXGeneral' (STIXGeneralBol.ttf) normal normal 700 normal>) = 10.335
2022-11-19 17:37:57,454 - matplotlib.font_manager - DEBUG - findfont: score(<Font 'cmss10' (cmss10.ttf) normal normal 400 normal>) = 10.05
2022-11-19 17:37:57,455 - matplotlib.font_manager - DEBUG - findfont: score(<Font 'cmex10' (cmex10.ttf) normal normal 400 normal>) = 10.05
2022-11-19 17:37:57,457 - matplotlib.font_manager - DEBUG - findfont: score(<Font 'DejaVu Sans Mono' (DejaVuSansMono.ttf) normal normal 400 normal>) = 10.05
2022-11-19 17:37:57,459 - matplotlib.font_manager - DEBUG - findfont: score(<Font 'cmsy10' (cmsy10.ttf) normal normal 400 normal>) = 10.05
2022-11-19 17:37:57,460 - matplotlib.font_manager - DEBUG - findfont: score(<Font 'DejaVu Sans Display' (DejaVuSansDisplay.ttf) normal normal 400 normal>) = 10.05
2022-11-19 17:37:57,462 - matplotlib.font_manager - DEBUG - findfont: score(<Font 'DejaVu Serif Display' (DejaVuSerifDisplay.ttf) normal normal 400 normal>) = 10.05
2022-11-19 17:37:57,464 - matplotlib.font_manager - DEBUG - findfont: score(<Font 'cmb10' (cmb10.ttf) normal normal 400 normal>) = 10.05
2022-11-19 17:37:57,465 - matplotlib.font_manager - DEBUG - findfont: score(<Font 'STIXSizeThreeSym' (STIXSizThreeSymReg.ttf) normal normal regular normal>) = 10.05
2022-11-19 17:37:57,467 - matplotlib.font_manager - DEBUG - findfont: score(<Font 'cmmi10' (cmmi10.ttf) normal normal 400 normal>) = 10.05
2022-11-19 17:37:57,469 - matplotlib.font_manager - DEBUG - findfont: score(<Font 'STIXSizeFourSym' (STIXSizFourSymReg.ttf) normal normal regular normal>) = 10.05
2022-11-19 17:37:57,470 - matplotlib.font_manager - DEBUG - findfont: score(<Font 'STIXSizeTwoSym' (STIXSizTwoSymReg.ttf) normal normal regular normal>) = 10.05
2022-11-19 17:37:57,472 - matplotlib.font_manager - DEBUG - findfont: score(<Font 'Liberation Mono' (LiberationMono-Italic.ttf) italic normal 400 normal>) = 11.05
2022-11-19 17:37:57,474 - matplotlib.font_manager - DEBUG - findfont: score(<Font 'Liberation Sans Narrow' (LiberationSansNarrow-BoldItalic.ttf) italic normal 700 condensed>) = 11.535
2022-11-19 17:37:57,475 - matplotlib.font_manager - DEBUG - findfont: score(<Font 'Liberation Sans Narrow' (LiberationSansNarrow-Italic.ttf) italic normal 400 condensed>) = 11.25
2022-11-19 17:37:57,477 - matplotlib.font_manager - DEBUG - findfont: score(<Font 'Liberation Serif' (LiberationSerif-Regular.ttf) normal normal 400 normal>) = 10.05
2022-11-19 17:37:57,478 - matplotlib.font_manager - DEBUG - findfont: score(<Font 'Humor Sans' (Humor-Sans.ttf) normal normal 400 normal>) = 10.05
2022-11-19 17:37:57,480 - matplotlib.font_manager - DEBUG - findfont: score(<Font 'Liberation Sans' (LiberationSans-Italic.ttf) italic normal 400 normal>) = 11.05
2022-11-19 17:37:57,482 - matplotlib.font_manager - DEBUG - findfont: score(<Font 'Liberation Serif' (LiberationSerif-Bold.ttf) normal normal 700 normal>) = 10.335
2022-11-19 17:37:57,483 - matplotlib.font_manager - DEBUG - findfont: score(<Font 'Liberation Mono' (LiberationMono-Bold.ttf) normal normal 700 normal>) = 10.335
2022-11-19 17:37:57,486 - matplotlib.font_manager - DEBUG - findfont: score(<Font 'Liberation Serif' (LiberationSerif-BoldItalic.ttf) italic normal 700 normal>) = 11.335
2022-11-19 17:37:57,492 - matplotlib.font_manager - DEBUG - findfont: score(<Font 'Liberation Mono' (LiberationMono-BoldItalic.ttf) italic normal 700 normal>) = 11.335
2022-11-19 17:37:57,494 - matplotlib.font_manager - DEBUG - findfont: score(<Font 'Liberation Mono' (LiberationMono-Regular.ttf) normal normal 400 normal>) = 10.05
2022-11-19 17:37:57,495 - matplotlib.font_manager - DEBUG - findfont: score(<Font 'Liberation Sans' (LiberationSans-Bold.ttf) normal normal 700 normal>) = 10.335
2022-11-19 17:37:57,497 - matplotlib.font_manager - DEBUG - findfont: score(<Font 'Liberation Serif' (LiberationSerif-Italic.ttf) italic normal 400 normal>) = 11.05
2022-11-19 17:37:57,499 - matplotlib.font_manager - DEBUG - findfont: score(<Font 'Liberation Sans' (LiberationSans-BoldItalic.ttf) italic normal 700 normal>) = 11.335
2022-11-19 17:37:57,501 - matplotlib.font_manager - DEBUG - findfont: score(<Font 'Liberation Sans' (LiberationSans-Regular.ttf) normal normal 400 normal>) = 10.05
2022-11-19 17:37:57,502 - matplotlib.font_manager - DEBUG - findfont: score(<Font 'Liberation Sans Narrow' (LiberationSansNarrow-Regular.ttf) normal normal 400 condensed>) = 10.25
2022-11-19 17:37:57,504 - matplotlib.font_manager - DEBUG - findfont: score(<Font 'Liberation Sans Narrow' (LiberationSansNarrow-Bold.ttf) normal normal 700 condensed>) = 10.535
2022-11-19 17:37:57,505 - matplotlib.font_manager - DEBUG - findfont: Matching sans\-serif:style=normal:variant=normal:weight=normal:stretch=normal:size=10.0 to DejaVu Sans ('/usr/local/lib/python3.7/dist-packages/matplotlib/mpl-data/fonts/ttf/DejaVuSans.ttf') with score of 0.050000.
2022-11-19 17:37:57,774 - root - INFO - Important features selected.
2022-11-19 17:37:59,050 - root - INFO - Hyperparameter tuning starts..
2022-11-19 17:38:07,447 - root - INFO - Best parameter values extracted
2022-11-19 17:38:07,461 - root - INFO - Modeling phase 2 starts..
2022-11-19 17:38:15,219 - root - INFO - Modeleing phase 2 completed.
2022-11-19 17:38:18,188 - cassandra.connection - DEBUG - Sending options message heartbeat on idle connection (140380064744208) 40bf567c-d6f1-41f4-acdc-2d55f7a65760-asia-south1.db.astra.datastax.com:29042:7d78e9c1-0951-47e5-ac2c-283fe5fc2d65
2022-11-19 17:38:18,191 - cassandra.connection - DEBUG - Sending options message heartbeat on idle connection (140380064261392) 40bf567c-d6f1-41f4-acdc-2d55f7a65760-asia-south1.db.astra.datastax.com:29042:358ca568-08f7-42a4-8574-b72c6a0af7b7
2022-11-19 17:38:18,193 - cassandra.connection - DEBUG - Sending options message heartbeat on idle connection (140380064396048) 40bf567c-d6f1-41f4-acdc-2d55f7a65760-asia-south1.db.astra.datastax.com:29042:44e57ad8-5416-4b95-85e3-f9e4c0f2a66b
2022-11-19 17:38:18,198 - cassandra.connection - DEBUG - Sending options message heartbeat on idle connection (140380064263376) 40bf567c-d6f1-41f4-acdc-2d55f7a65760-asia-south1.db.astra.datastax.com:29042:44e57ad8-5416-4b95-85e3-f9e4c0f2a66b
2022-11-19 17:38:18,423 - cassandra.connection - DEBUG - Received options response on connection (140380064744208) from 40bf567c-d6f1-41f4-acdc-2d55f7a65760-asia-south1.db.astra.datastax.com:29042:7d78e9c1-0951-47e5-ac2c-283fe5fc2d65
2022-11-19 17:38:18,425 - cassandra.connection - DEBUG - Received options response on connection (140380064261392) from 40bf567c-d6f1-41f4-acdc-2d55f7a65760-asia-south1.db.astra.datastax.com:29042:358ca568-08f7-42a4-8574-b72c6a0af7b7
2022-11-19 17:38:18,431 - cassandra.connection - DEBUG - Received options response on connection (140380064396048) from 40bf567c-d6f1-41f4-acdc-2d55f7a65760-asia-south1.db.astra.datastax.com:29042:44e57ad8-5416-4b95-85e3-f9e4c0f2a66b
2022-11-19 17:38:18,435 - cassandra.connection - DEBUG - Received options response on connection (140380064263376) from 40bf567c-d6f1-41f4-acdc-2d55f7a65760-asia-south1.db.astra.datastax.com:29042:44e57ad8-5416-4b95-85e3-f9e4c0f2a66b
2022-11-19 17:38:48,204 - cassandra.connection - DEBUG - Sending options message heartbeat on idle connection (140380064744208) 40bf567c-d6f1-41f4-acdc-2d55f7a65760-asia-south1.db.astra.datastax.com:29042:7d78e9c1-0951-47e5-ac2c-283fe5fc2d65
2022-11-19 17:38:48,207 - cassandra.connection - DEBUG - Sending options message heartbeat on idle connection (140380064261392) 40bf567c-d6f1-41f4-acdc-2d55f7a65760-asia-south1.db.astra.datastax.com:29042:358ca568-08f7-42a4-8574-b72c6a0af7b7
2022-11-19 17:38:48,209 - cassandra.connection - DEBUG - Sending options message heartbeat on idle connection (140380064396048) 40bf567c-d6f1-41f4-acdc-2d55f7a65760-asia-south1.db.astra.datastax.com:29042:44e57ad8-5416-4b95-85e3-f9e4c0f2a66b
2022-11-19 17:38:48,211 - cassandra.connection - DEBUG - Sending options message heartbeat on idle connection (140380064263376) 40bf567c-d6f1-41f4-acdc-2d55f7a65760-asia-south1.db.astra.datastax.com:29042:44e57ad8-5416-4b95-85e3-f9e4c0f2a66b
2022-11-19 17:38:48,438 - cassandra.connection - DEBUG - Received options response on connection (140380064744208) from 40bf567c-d6f1-41f4-acdc-2d55f7a65760-asia-south1.db.astra.datastax.com:29042:7d78e9c1-0951-47e5-ac2c-283fe5fc2d65
2022-11-19 17:38:48,441 - cassandra.connection - DEBUG - Received options response on connection (140380064261392) from 40bf567c-d6f1-41f4-acdc-2d55f7a65760-asia-south1.db.astra.datastax.com:29042:358ca568-08f7-42a4-8574-b72c6a0af7b7
2022-11-19 17:38:48,444 - cassandra.connection - DEBUG - Received options response on connection (140380064263376) from 40bf567c-d6f1-41f4-acdc-2d55f7a65760-asia-south1.db.astra.datastax.com:29042:44e57ad8-5416-4b95-85e3-f9e4c0f2a66b
2022-11-19 17:38:48,446 - cassandra.connection - DEBUG - Received options response on connection (140380064396048) from 40bf567c-d6f1-41f4-acdc-2d55f7a65760-asia-south1.db.astra.datastax.com:29042:44e57ad8-5416-4b95-85e3-f9e4c0f2a66b
2022-11-19 17:39:18,213 - cassandra.connection - DEBUG - Sending options message heartbeat on idle connection (140380064744208) 40bf567c-d6f1-41f4-acdc-2d55f7a65760-asia-south1.db.astra.datastax.com:29042:7d78e9c1-0951-47e5-ac2c-283fe5fc2d65
2022-11-19 17:39:18,216 - cassandra.connection - DEBUG - Sending options message heartbeat on idle connection (140380064261392) 40bf567c-d6f1-41f4-acdc-2d55f7a65760-asia-south1.db.astra.datastax.com:29042:358ca568-08f7-42a4-8574-b72c6a0af7b7
2022-11-19 17:39:18,218 - cassandra.connection - DEBUG - Sending options message heartbeat on idle connection (140380064396048) 40bf567c-d6f1-41f4-acdc-2d55f7a65760-asia-south1.db.astra.datastax.com:29042:44e57ad8-5416-4b95-85e3-f9e4c0f2a66b
2022-11-19 17:39:18,220 - cassandra.connection - DEBUG - Sending options message heartbeat on idle connection (140380064263376) 40bf567c-d6f1-41f4-acdc-2d55f7a65760-asia-south1.db.astra.datastax.com:29042:44e57ad8-5416-4b95-85e3-f9e4c0f2a66b
2022-11-19 17:39:18,448 - cassandra.connection - DEBUG - Received options response on connection (140380064744208) from 40bf567c-d6f1-41f4-acdc-2d55f7a65760-asia-south1.db.astra.datastax.com:29042:7d78e9c1-0951-47e5-ac2c-283fe5fc2d65
2022-11-19 17:39:18,451 - cassandra.connection - DEBUG - Received options response on connection (140380064261392) from 40bf567c-d6f1-41f4-acdc-2d55f7a65760-asia-south1.db.astra.datastax.com:29042:358ca568-08f7-42a4-8574-b72c6a0af7b7
2022-11-19 17:39:18,455 - cassandra.connection - DEBUG - Received options response on connection (140380064263376) from 40bf567c-d6f1-41f4-acdc-2d55f7a65760-asia-south1.db.astra.datastax.com:29042:44e57ad8-5416-4b95-85e3-f9e4c0f2a66b
2022-11-19 17:39:18,457 - cassandra.connection - DEBUG - Received options response on connection (140380064396048) from 40bf567c-d6f1-41f4-acdc-2d55f7a65760-asia-south1.db.astra.datastax.com:29042:44e57ad8-5416-4b95-85e3-f9e4c0f2a66b
2022-11-19 17:39:30,999 - root - INFO - Model saved for deployment.
2022-11-19 17:39:48,222 - cassandra.connection - DEBUG - Sending options message heartbeat on idle connection (140380064744208) 40bf567c-d6f1-41f4-acdc-2d55f7a65760-asia-south1.db.astra.datastax.com:29042:7d78e9c1-0951-47e5-ac2c-283fe5fc2d65
2022-11-19 17:39:48,225 - cassandra.connection - DEBUG - Sending options message heartbeat on idle connection (140380064261392) 40bf567c-d6f1-41f4-acdc-2d55f7a65760-asia-south1.db.astra.datastax.com:29042:358ca568-08f7-42a4-8574-b72c6a0af7b7
2022-11-19 17:39:48,227 - cassandra.connection - DEBUG - Sending options message heartbeat on idle connection (140380064396048) 40bf567c-d6f1-41f4-acdc-2d55f7a65760-asia-south1.db.astra.datastax.com:29042:44e57ad8-5416-4b95-85e3-f9e4c0f2a66b
2022-11-19 17:39:48,229 - cassandra.connection - DEBUG - Sending options message heartbeat on idle connection (140380064263376) 40bf567c-d6f1-41f4-acdc-2d55f7a65760-asia-south1.db.astra.datastax.com:29042:44e57ad8-5416-4b95-85e3-f9e4c0f2a66b
2022-11-19 17:39:48,457 - cassandra.connection - DEBUG - Received options response on connection (140380064261392) from 40bf567c-d6f1-41f4-acdc-2d55f7a65760-asia-south1.db.astra.datastax.com:29042:358ca568-08f7-42a4-8574-b72c6a0af7b7
2022-11-19 17:39:48,458 - cassandra.connection - DEBUG - Received options response on connection (140380064744208) from 40bf567c-d6f1-41f4-acdc-2d55f7a65760-asia-south1.db.astra.datastax.com:29042:7d78e9c1-0951-47e5-ac2c-283fe5fc2d65
2022-11-19 17:39:48,462 - cassandra.connection - DEBUG - Received options response on connection (140380064263376) from 40bf567c-d6f1-41f4-acdc-2d55f7a65760-asia-south1.db.astra.datastax.com:29042:44e57ad8-5416-4b95-85e3-f9e4c0f2a66b
2022-11-19 17:39:48,465 - cassandra.connection - DEBUG - Received options response on connection (140380064396048) from 40bf567c-d6f1-41f4-acdc-2d55f7a65760-asia-south1.db.astra.datastax.com:29042:44e57ad8-5416-4b95-85e3-f9e4c0f2a66b
2022-11-19 17:40:18,231 - cassandra.connection - DEBUG - Sending options message heartbeat on idle connection (140380064744208) 40bf567c-d6f1-41f4-acdc-2d55f7a65760-asia-south1.db.astra.datastax.com:29042:7d78e9c1-0951-47e5-ac2c-283fe5fc2d65
2022-11-19 17:40:18,234 - cassandra.connection - DEBUG - Sending options message heartbeat on idle connection (140380064261392) 40bf567c-d6f1-41f4-acdc-2d55f7a65760-asia-south1.db.astra.datastax.com:29042:358ca568-08f7-42a4-8574-b72c6a0af7b7
2022-11-19 17:40:18,236 - cassandra.connection - DEBUG - Sending options message heartbeat on idle connection (140380064396048) 40bf567c-d6f1-41f4-acdc-2d55f7a65760-asia-south1.db.astra.datastax.com:29042:44e57ad8-5416-4b95-85e3-f9e4c0f2a66b
2022-11-19 17:40:18,240 - cassandra.connection - DEBUG - Sending options message heartbeat on idle connection (140380064263376) 40bf567c-d6f1-41f4-acdc-2d55f7a65760-asia-south1.db.astra.datastax.com:29042:44e57ad8-5416-4b95-85e3-f9e4c0f2a66b
2022-11-19 17:40:18,467 - cassandra.connection - DEBUG - Received options response on connection (140380064744208) from 40bf567c-d6f1-41f4-acdc-2d55f7a65760-asia-south1.db.astra.datastax.com:29042:7d78e9c1-0951-47e5-ac2c-283fe5fc2d65
2022-11-19 17:40:18,469 - cassandra.connection - DEBUG - Received options response on connection (140380064261392) from 40bf567c-d6f1-41f4-acdc-2d55f7a65760-asia-south1.db.astra.datastax.com:29042:358ca568-08f7-42a4-8574-b72c6a0af7b7
2022-11-19 17:40:18,472 - cassandra.connection - DEBUG - Received options response on connection (140380064396048) from 40bf567c-d6f1-41f4-acdc-2d55f7a65760-asia-south1.db.astra.datastax.com:29042:44e57ad8-5416-4b95-85e3-f9e4c0f2a66b
2022-11-19 17:40:18,474 - cassandra.connection - DEBUG - Received options response on connection (140380064263376) from 40bf567c-d6f1-41f4-acdc-2d55f7a65760-asia-south1.db.astra.datastax.com:29042:44e57ad8-5416-4b95-85e3-f9e4c0f2a66b
