2022-11-19 15:43:03,360 - root - INFO - FILE STARTS RUNNING!
2022-11-19 15:43:03,490 - numexpr.utils - INFO - NumExpr defaulting to 2 threads.
2022-11-19 15:43:03,738 - root - INFO - Libraries imported..
2022-11-19 15:43:03,779 - root - INFO - Data file to be inserted to database imported..
2022-11-19 15:43:04,735 - cassandra.cluster - DEBUG - Connecting to cluster, contact points: [<SniEndPoint: 40bf567c-d6f1-41f4-acdc-2d55f7a65760-asia-south1.db.astra.datastax.com:29042:7d78e9c1-0951-47e5-ac2c-283fe5fc2d65>, <SniEndPoint: 40bf567c-d6f1-41f4-acdc-2d55f7a65760-asia-south1.db.astra.datastax.com:29042:358ca568-08f7-42a4-8574-b72c6a0af7b7>, <SniEndPoint: 40bf567c-d6f1-41f4-acdc-2d55f7a65760-asia-south1.db.astra.datastax.com:29042:44e57ad8-5416-4b95-85e3-f9e4c0f2a66b>]; protocol version: 66
2022-11-19 15:43:04,738 - cassandra.pool - DEBUG - Host 40bf567c-d6f1-41f4-acdc-2d55f7a65760-asia-south1.db.astra.datastax.com:29042:7d78e9c1-0951-47e5-ac2c-283fe5fc2d65 is now marked up
2022-11-19 15:43:04,742 - cassandra.pool - DEBUG - Host 40bf567c-d6f1-41f4-acdc-2d55f7a65760-asia-south1.db.astra.datastax.com:29042:358ca568-08f7-42a4-8574-b72c6a0af7b7 is now marked up
2022-11-19 15:43:04,744 - cassandra.pool - DEBUG - Host 40bf567c-d6f1-41f4-acdc-2d55f7a65760-asia-south1.db.astra.datastax.com:29042:44e57ad8-5416-4b95-85e3-f9e4c0f2a66b is now marked up
2022-11-19 15:43:04,748 - cassandra.cluster - DEBUG - [control connection] Opening new connection to 40bf567c-d6f1-41f4-acdc-2d55f7a65760-asia-south1.db.astra.datastax.com:29042:44e57ad8-5416-4b95-85e3-f9e4c0f2a66b
2022-11-19 15:43:05,216 - cassandra.connection - DEBUG - Sending initial options message for new connection (139897865490768) to 40bf567c-d6f1-41f4-acdc-2d55f7a65760-asia-south1.db.astra.datastax.com:29042:44e57ad8-5416-4b95-85e3-f9e4c0f2a66b
2022-11-19 15:43:05,218 - cassandra.io.libevreactor - DEBUG - Starting libev event loop
2022-11-19 15:43:05,675 - cassandra.connection - DEBUG - Defuncting connection (139897865490768) to 40bf567c-d6f1-41f4-acdc-2d55f7a65760-asia-south1.db.astra.datastax.com:29042:44e57ad8-5416-4b95-85e3-f9e4c0f2a66b: <Error from server: code=000a [Protocol error] message="Invalid or unsupported protocol version (66); supported versions are (3/v3, 4/v4, 5/v5-beta)">
2022-11-19 15:43:05,677 - cassandra.io.libevreactor - DEBUG - Closing connection (139897865490768) to 40bf567c-d6f1-41f4-acdc-2d55f7a65760-asia-south1.db.astra.datastax.com:29042:44e57ad8-5416-4b95-85e3-f9e4c0f2a66b
2022-11-19 15:43:05,679 - cassandra.io.libevreactor - DEBUG - Closed socket to 40bf567c-d6f1-41f4-acdc-2d55f7a65760-asia-south1.db.astra.datastax.com:29042:44e57ad8-5416-4b95-85e3-f9e4c0f2a66b
2022-11-19 15:43:05,680 - cassandra.cluster - WARNING - Downgrading core protocol version from 66 to 65 for 40bf567c-d6f1-41f4-acdc-2d55f7a65760-asia-south1.db.astra.datastax.com:29042:44e57ad8-5416-4b95-85e3-f9e4c0f2a66b. To avoid this, it is best practice to explicitly set Cluster(protocol_version) to the version supported by your cluster. http://datastax.github.io/python-driver/api/cassandra/cluster.html#cassandra.cluster.Cluster.protocol_version
2022-11-19 15:43:05,681 - cassandra.io.libevreactor - DEBUG - All Connections currently closed, event loop ended
2022-11-19 15:43:06,146 - cassandra.connection - DEBUG - Sending initial options message for new connection (139897877335888) to 40bf567c-d6f1-41f4-acdc-2d55f7a65760-asia-south1.db.astra.datastax.com:29042:44e57ad8-5416-4b95-85e3-f9e4c0f2a66b
2022-11-19 15:43:06,148 - cassandra.io.libevreactor - DEBUG - Starting libev event loop
2022-11-19 15:43:06,608 - cassandra.connection - DEBUG - Defuncting connection (139897877335888) to 40bf567c-d6f1-41f4-acdc-2d55f7a65760-asia-south1.db.astra.datastax.com:29042:44e57ad8-5416-4b95-85e3-f9e4c0f2a66b: <Error from server: code=000a [Protocol error] message="Invalid or unsupported protocol version (65); supported versions are (3/v3, 4/v4, 5/v5-beta)">
2022-11-19 15:43:06,614 - cassandra.io.libevreactor - DEBUG - Closing connection (139897877335888) to 40bf567c-d6f1-41f4-acdc-2d55f7a65760-asia-south1.db.astra.datastax.com:29042:44e57ad8-5416-4b95-85e3-f9e4c0f2a66b
2022-11-19 15:43:06,621 - cassandra.io.libevreactor - DEBUG - Closed socket to 40bf567c-d6f1-41f4-acdc-2d55f7a65760-asia-south1.db.astra.datastax.com:29042:44e57ad8-5416-4b95-85e3-f9e4c0f2a66b
2022-11-19 15:43:06,633 - cassandra.cluster - WARNING - Downgrading core protocol version from 65 to 5 for 40bf567c-d6f1-41f4-acdc-2d55f7a65760-asia-south1.db.astra.datastax.com:29042:44e57ad8-5416-4b95-85e3-f9e4c0f2a66b. To avoid this, it is best practice to explicitly set Cluster(protocol_version) to the version supported by your cluster. http://datastax.github.io/python-driver/api/cassandra/cluster.html#cassandra.cluster.Cluster.protocol_version
2022-11-19 15:43:06,633 - cassandra.io.libevreactor - DEBUG - All Connections currently closed, event loop ended
2022-11-19 15:43:07,114 - cassandra.connection - DEBUG - Sending initial options message for new connection (139897865088016) to 40bf567c-d6f1-41f4-acdc-2d55f7a65760-asia-south1.db.astra.datastax.com:29042:44e57ad8-5416-4b95-85e3-f9e4c0f2a66b
2022-11-19 15:43:07,123 - cassandra.io.libevreactor - DEBUG - Starting libev event loop
2022-11-19 15:43:07,570 - cassandra.connection - ERROR - Closing connection <LibevConnection(139897865088016) 40bf567c-d6f1-41f4-acdc-2d55f7a65760-asia-south1.db.astra.datastax.com:29042:44e57ad8-5416-4b95-85e3-f9e4c0f2a66b> due to protocol error: Error from server: code=000a [Protocol error] message="Beta version of the protocol used (5/v5-beta), but USE_BETA flag is unset"
2022-11-19 15:43:07,579 - cassandra.connection - DEBUG - Defuncting connection (139897865088016) to 40bf567c-d6f1-41f4-acdc-2d55f7a65760-asia-south1.db.astra.datastax.com:29042:44e57ad8-5416-4b95-85e3-f9e4c0f2a66b: <Error from server: code=000a [Protocol error] message="Beta version of the protocol used (5/v5-beta), but USE_BETA flag is unset">
2022-11-19 15:43:07,580 - cassandra.io.libevreactor - DEBUG - Closing connection (139897865088016) to 40bf567c-d6f1-41f4-acdc-2d55f7a65760-asia-south1.db.astra.datastax.com:29042:44e57ad8-5416-4b95-85e3-f9e4c0f2a66b
2022-11-19 15:43:07,586 - cassandra.io.libevreactor - DEBUG - Closed socket to 40bf567c-d6f1-41f4-acdc-2d55f7a65760-asia-south1.db.astra.datastax.com:29042:44e57ad8-5416-4b95-85e3-f9e4c0f2a66b
2022-11-19 15:43:07,592 - cassandra.cluster - WARNING - Downgrading core protocol version from 5 to 4 for 40bf567c-d6f1-41f4-acdc-2d55f7a65760-asia-south1.db.astra.datastax.com:29042:44e57ad8-5416-4b95-85e3-f9e4c0f2a66b. To avoid this, it is best practice to explicitly set Cluster(protocol_version) to the version supported by your cluster. http://datastax.github.io/python-driver/api/cassandra/cluster.html#cassandra.cluster.Cluster.protocol_version
2022-11-19 15:43:07,592 - cassandra.io.libevreactor - DEBUG - All Connections currently closed, event loop ended
2022-11-19 15:43:08,062 - cassandra.connection - DEBUG - Sending initial options message for new connection (139898016731472) to 40bf567c-d6f1-41f4-acdc-2d55f7a65760-asia-south1.db.astra.datastax.com:29042:44e57ad8-5416-4b95-85e3-f9e4c0f2a66b
2022-11-19 15:43:08,072 - cassandra.io.libevreactor - DEBUG - Starting libev event loop
2022-11-19 15:43:08,521 - cassandra.connection - DEBUG - Received options response on new connection (139898016731472) from 40bf567c-d6f1-41f4-acdc-2d55f7a65760-asia-south1.db.astra.datastax.com:29042:44e57ad8-5416-4b95-85e3-f9e4c0f2a66b
2022-11-19 15:43:08,531 - cassandra.connection - DEBUG - No available compression types supported on both ends. locally supported: odict_keys([]). remotely supported: ['snappy', 'lz4']
2022-11-19 15:43:08,536 - cassandra.connection - DEBUG - Sending StartupMessage on <LibevConnection(139898016731472) 40bf567c-d6f1-41f4-acdc-2d55f7a65760-asia-south1.db.astra.datastax.com:29042:44e57ad8-5416-4b95-85e3-f9e4c0f2a66b>
2022-11-19 15:43:08,540 - cassandra.connection - DEBUG - Sent StartupMessage on <LibevConnection(139898016731472) 40bf567c-d6f1-41f4-acdc-2d55f7a65760-asia-south1.db.astra.datastax.com:29042:44e57ad8-5416-4b95-85e3-f9e4c0f2a66b>
2022-11-19 15:43:08,781 - cassandra.connection - DEBUG - Got AuthenticateMessage on new connection (139898016731472) from 40bf567c-d6f1-41f4-acdc-2d55f7a65760-asia-south1.db.astra.datastax.com:29042:44e57ad8-5416-4b95-85e3-f9e4c0f2a66b: org.apache.cassandra.auth.PasswordAuthenticator
2022-11-19 15:43:08,789 - cassandra.connection - DEBUG - Sending SASL-based auth response on <LibevConnection(139898016731472) 40bf567c-d6f1-41f4-acdc-2d55f7a65760-asia-south1.db.astra.datastax.com:29042:44e57ad8-5416-4b95-85e3-f9e4c0f2a66b>
2022-11-19 15:43:09,027 - cassandra.connection - DEBUG - Connection <LibevConnection(139898016731472) 40bf567c-d6f1-41f4-acdc-2d55f7a65760-asia-south1.db.astra.datastax.com:29042:44e57ad8-5416-4b95-85e3-f9e4c0f2a66b> successfully authenticated
2022-11-19 15:43:09,035 - cassandra.cluster - DEBUG - [control connection] Established new connection <LibevConnection(139898016731472) 40bf567c-d6f1-41f4-acdc-2d55f7a65760-asia-south1.db.astra.datastax.com:29042:44e57ad8-5416-4b95-85e3-f9e4c0f2a66b>, registering watchers and refreshing schema and topology
2022-11-19 15:43:09,961 - cassandra.cluster - DEBUG - [control connection] Refreshing node list and token map using preloaded results
2022-11-19 15:43:09,971 - cassandra.policies - INFO - Using datacenter 'asia-south1' for DCAwareRoundRobinPolicy (via host '40bf567c-d6f1-41f4-acdc-2d55f7a65760-asia-south1.db.astra.datastax.com:29042:44e57ad8-5416-4b95-85e3-f9e4c0f2a66b'); if incorrect, please specify a local_dc to the constructor, or limit contact points to local cluster nodes
2022-11-19 15:43:09,973 - cassandra.cluster - DEBUG - [control connection] Finished fetching ring info
2022-11-19 15:43:09,978 - cassandra.cluster - DEBUG - [control connection] Rebuilding token map due to topology changes
2022-11-19 15:43:10,928 - cassandra.cluster - DEBUG - Control connection created
2022-11-19 15:43:10,932 - cassandra.pool - DEBUG - Initializing connection for host 40bf567c-d6f1-41f4-acdc-2d55f7a65760-asia-south1.db.astra.datastax.com:29042:7d78e9c1-0951-47e5-ac2c-283fe5fc2d65
2022-11-19 15:43:10,938 - cassandra.pool - DEBUG - Initializing connection for host 40bf567c-d6f1-41f4-acdc-2d55f7a65760-asia-south1.db.astra.datastax.com:29042:358ca568-08f7-42a4-8574-b72c6a0af7b7
2022-11-19 15:43:11,406 - cassandra.connection - DEBUG - Sending initial options message for new connection (139897860256848) to 40bf567c-d6f1-41f4-acdc-2d55f7a65760-asia-south1.db.astra.datastax.com:29042:7d78e9c1-0951-47e5-ac2c-283fe5fc2d65
2022-11-19 15:43:11,419 - cassandra.connection - DEBUG - Sending initial options message for new connection (139897865134480) to 40bf567c-d6f1-41f4-acdc-2d55f7a65760-asia-south1.db.astra.datastax.com:29042:358ca568-08f7-42a4-8574-b72c6a0af7b7
2022-11-19 15:43:11,868 - cassandra.connection - DEBUG - Received options response on new connection (139897860256848) from 40bf567c-d6f1-41f4-acdc-2d55f7a65760-asia-south1.db.astra.datastax.com:29042:7d78e9c1-0951-47e5-ac2c-283fe5fc2d65
2022-11-19 15:43:11,876 - cassandra.connection - DEBUG - No available compression types supported on both ends. locally supported: odict_keys([]). remotely supported: ['snappy', 'lz4']
2022-11-19 15:43:11,877 - cassandra.connection - DEBUG - Sending StartupMessage on <LibevConnection(139897860256848) 40bf567c-d6f1-41f4-acdc-2d55f7a65760-asia-south1.db.astra.datastax.com:29042:7d78e9c1-0951-47e5-ac2c-283fe5fc2d65>
2022-11-19 15:43:11,883 - cassandra.connection - DEBUG - Sent StartupMessage on <LibevConnection(139897860256848) 40bf567c-d6f1-41f4-acdc-2d55f7a65760-asia-south1.db.astra.datastax.com:29042:7d78e9c1-0951-47e5-ac2c-283fe5fc2d65>
2022-11-19 15:43:11,888 - cassandra.connection - DEBUG - Received options response on new connection (139897865134480) from 40bf567c-d6f1-41f4-acdc-2d55f7a65760-asia-south1.db.astra.datastax.com:29042:358ca568-08f7-42a4-8574-b72c6a0af7b7
2022-11-19 15:43:11,893 - cassandra.connection - DEBUG - No available compression types supported on both ends. locally supported: odict_keys([]). remotely supported: ['snappy', 'lz4']
2022-11-19 15:43:11,898 - cassandra.connection - DEBUG - Sending StartupMessage on <LibevConnection(139897865134480) 40bf567c-d6f1-41f4-acdc-2d55f7a65760-asia-south1.db.astra.datastax.com:29042:358ca568-08f7-42a4-8574-b72c6a0af7b7>
2022-11-19 15:43:11,903 - cassandra.connection - DEBUG - Sent StartupMessage on <LibevConnection(139897865134480) 40bf567c-d6f1-41f4-acdc-2d55f7a65760-asia-south1.db.astra.datastax.com:29042:358ca568-08f7-42a4-8574-b72c6a0af7b7>
2022-11-19 15:43:12,119 - cassandra.connection - DEBUG - Got AuthenticateMessage on new connection (139897860256848) from 40bf567c-d6f1-41f4-acdc-2d55f7a65760-asia-south1.db.astra.datastax.com:29042:7d78e9c1-0951-47e5-ac2c-283fe5fc2d65: org.apache.cassandra.auth.PasswordAuthenticator
2022-11-19 15:43:12,126 - cassandra.connection - DEBUG - Sending SASL-based auth response on <LibevConnection(139897860256848) 40bf567c-d6f1-41f4-acdc-2d55f7a65760-asia-south1.db.astra.datastax.com:29042:7d78e9c1-0951-47e5-ac2c-283fe5fc2d65>
2022-11-19 15:43:12,137 - cassandra.connection - DEBUG - Got AuthenticateMessage on new connection (139897865134480) from 40bf567c-d6f1-41f4-acdc-2d55f7a65760-asia-south1.db.astra.datastax.com:29042:358ca568-08f7-42a4-8574-b72c6a0af7b7: org.apache.cassandra.auth.PasswordAuthenticator
2022-11-19 15:43:12,143 - cassandra.connection - DEBUG - Sending SASL-based auth response on <LibevConnection(139897865134480) 40bf567c-d6f1-41f4-acdc-2d55f7a65760-asia-south1.db.astra.datastax.com:29042:358ca568-08f7-42a4-8574-b72c6a0af7b7>
2022-11-19 15:43:12,373 - cassandra.connection - DEBUG - Connection <LibevConnection(139897860256848) 40bf567c-d6f1-41f4-acdc-2d55f7a65760-asia-south1.db.astra.datastax.com:29042:7d78e9c1-0951-47e5-ac2c-283fe5fc2d65> successfully authenticated
2022-11-19 15:43:12,380 - cassandra.pool - DEBUG - Finished initializing connection for host 40bf567c-d6f1-41f4-acdc-2d55f7a65760-asia-south1.db.astra.datastax.com:29042:7d78e9c1-0951-47e5-ac2c-283fe5fc2d65
2022-11-19 15:43:12,383 - cassandra.cluster - DEBUG - Added pool for host 40bf567c-d6f1-41f4-acdc-2d55f7a65760-asia-south1.db.astra.datastax.com:29042:7d78e9c1-0951-47e5-ac2c-283fe5fc2d65 to session
2022-11-19 15:43:12,385 - cassandra.pool - DEBUG - Initializing connection for host 40bf567c-d6f1-41f4-acdc-2d55f7a65760-asia-south1.db.astra.datastax.com:29042:44e57ad8-5416-4b95-85e3-f9e4c0f2a66b
2022-11-19 15:43:12,383 - cassandra.connection - DEBUG - Connection <LibevConnection(139897865134480) 40bf567c-d6f1-41f4-acdc-2d55f7a65760-asia-south1.db.astra.datastax.com:29042:358ca568-08f7-42a4-8574-b72c6a0af7b7> successfully authenticated
2022-11-19 15:43:12,389 - cassandra.pool - DEBUG - Finished initializing connection for host 40bf567c-d6f1-41f4-acdc-2d55f7a65760-asia-south1.db.astra.datastax.com:29042:358ca568-08f7-42a4-8574-b72c6a0af7b7
2022-11-19 15:43:12,390 - cassandra.cluster - DEBUG - Added pool for host 40bf567c-d6f1-41f4-acdc-2d55f7a65760-asia-south1.db.astra.datastax.com:29042:358ca568-08f7-42a4-8574-b72c6a0af7b7 to session
2022-11-19 15:43:12,392 - cassandra.cluster - DEBUG - Not starting MonitorReporter thread for Insights; not supported by server version 4.0.0.6816 on ControlConnection host 40bf567c-d6f1-41f4-acdc-2d55f7a65760-asia-south1.db.astra.datastax.com:29042:44e57ad8-5416-4b95-85e3-f9e4c0f2a66b
2022-11-19 15:43:12,393 - cassandra.cluster - DEBUG - Started Session with client_id 71827d8a-b6cc-46e0-b5fc-8317fa3e311d and session_id 7972dd56-0133-4078-9c0e-d1fe739088fb
2022-11-19 15:43:12,402 - root - INFO - Database connected..
2022-11-19 15:43:12,405 - root - INFO - Deletion of existing table started..
2022-11-19 15:43:12,850 - cassandra.connection - DEBUG - Sending initial options message for new connection (139897860358800) to 40bf567c-d6f1-41f4-acdc-2d55f7a65760-asia-south1.db.astra.datastax.com:29042:44e57ad8-5416-4b95-85e3-f9e4c0f2a66b
2022-11-19 15:43:13,132 - root - INFO - Existing table deleted..
2022-11-19 15:43:13,155 - root - INFO - Creating new table..
2022-11-19 15:43:13,308 - cassandra.connection - DEBUG - Received options response on new connection (139897860358800) from 40bf567c-d6f1-41f4-acdc-2d55f7a65760-asia-south1.db.astra.datastax.com:29042:44e57ad8-5416-4b95-85e3-f9e4c0f2a66b
2022-11-19 15:43:13,311 - cassandra.connection - DEBUG - No available compression types supported on both ends. locally supported: odict_keys([]). remotely supported: ['snappy', 'lz4']
2022-11-19 15:43:13,314 - cassandra.connection - DEBUG - Sending StartupMessage on <LibevConnection(139897860358800) 40bf567c-d6f1-41f4-acdc-2d55f7a65760-asia-south1.db.astra.datastax.com:29042:44e57ad8-5416-4b95-85e3-f9e4c0f2a66b>
2022-11-19 15:43:13,316 - cassandra.connection - DEBUG - Sent StartupMessage on <LibevConnection(139897860358800) 40bf567c-d6f1-41f4-acdc-2d55f7a65760-asia-south1.db.astra.datastax.com:29042:44e57ad8-5416-4b95-85e3-f9e4c0f2a66b>
2022-11-19 15:43:13,548 - cassandra.connection - DEBUG - Got AuthenticateMessage on new connection (139897860358800) from 40bf567c-d6f1-41f4-acdc-2d55f7a65760-asia-south1.db.astra.datastax.com:29042:44e57ad8-5416-4b95-85e3-f9e4c0f2a66b: org.apache.cassandra.auth.PasswordAuthenticator
2022-11-19 15:43:13,551 - cassandra.connection - DEBUG - Sending SASL-based auth response on <LibevConnection(139897860358800) 40bf567c-d6f1-41f4-acdc-2d55f7a65760-asia-south1.db.astra.datastax.com:29042:44e57ad8-5416-4b95-85e3-f9e4c0f2a66b>
2022-11-19 15:43:13,724 - cassandra.connection - DEBUG - Message pushed from server: <EventMessage(event_type='SCHEMA_CHANGE', event_args={'target_type': 'TABLE', 'change_type': 'CREATED', 'keyspace': 'german_credit', 'table': 'gcr1'}, stream_id=-1, trace_id=None)>
2022-11-19 15:43:13,782 - cassandra.connection - DEBUG - Connection <LibevConnection(139897860358800) 40bf567c-d6f1-41f4-acdc-2d55f7a65760-asia-south1.db.astra.datastax.com:29042:44e57ad8-5416-4b95-85e3-f9e4c0f2a66b> successfully authenticated
2022-11-19 15:43:14,018 - cassandra.pool - DEBUG - Finished initializing connection for host 40bf567c-d6f1-41f4-acdc-2d55f7a65760-asia-south1.db.astra.datastax.com:29042:44e57ad8-5416-4b95-85e3-f9e4c0f2a66b
2022-11-19 15:43:14,020 - cassandra.cluster - DEBUG - Added pool for host 40bf567c-d6f1-41f4-acdc-2d55f7a65760-asia-south1.db.astra.datastax.com:29042:44e57ad8-5416-4b95-85e3-f9e4c0f2a66b to session
2022-11-19 15:43:14,414 - cassandra.cluster - DEBUG - Refreshing schema in response to schema change. {'target_type': 'TABLE', 'change_type': 'CREATED', 'keyspace': 'german_credit', 'table': 'gcr1'}
2022-11-19 15:43:14,418 - cassandra.cluster - DEBUG - [control connection] Waiting for schema agreement
2022-11-19 15:43:14,881 - cassandra.cluster - DEBUG - [control connection] Schemas match
2022-11-19 15:43:14,883 - cassandra.cluster - DEBUG - [control connection] Waiting for schema agreement
2022-11-19 15:43:15,347 - cassandra.cluster - DEBUG - [control connection] Schemas match
2022-11-19 15:43:15,360 - root - INFO - New table created..
2022-11-19 15:43:15,376 - root - INFO - Inserting data..
2022-11-19 15:44:10,933 - cassandra.connection - DEBUG - Sending options message heartbeat on idle connection (139898016731472) 40bf567c-d6f1-41f4-acdc-2d55f7a65760-asia-south1.db.astra.datastax.com:29042:44e57ad8-5416-4b95-85e3-f9e4c0f2a66b
2022-11-19 15:44:11,165 - cassandra.connection - DEBUG - Received options response on connection (139898016731472) from 40bf567c-d6f1-41f4-acdc-2d55f7a65760-asia-south1.db.astra.datastax.com:29042:44e57ad8-5416-4b95-85e3-f9e4c0f2a66b
2022-11-19 15:44:40,935 - cassandra.connection - DEBUG - Sending options message heartbeat on idle connection (139898016731472) 40bf567c-d6f1-41f4-acdc-2d55f7a65760-asia-south1.db.astra.datastax.com:29042:44e57ad8-5416-4b95-85e3-f9e4c0f2a66b
2022-11-19 15:44:41,169 - cassandra.connection - DEBUG - Received options response on connection (139898016731472) from 40bf567c-d6f1-41f4-acdc-2d55f7a65760-asia-south1.db.astra.datastax.com:29042:44e57ad8-5416-4b95-85e3-f9e4c0f2a66b
2022-11-19 15:45:10,938 - cassandra.connection - DEBUG - Sending options message heartbeat on idle connection (139898016731472) 40bf567c-d6f1-41f4-acdc-2d55f7a65760-asia-south1.db.astra.datastax.com:29042:44e57ad8-5416-4b95-85e3-f9e4c0f2a66b
2022-11-19 15:45:11,172 - cassandra.connection - DEBUG - Received options response on connection (139898016731472) from 40bf567c-d6f1-41f4-acdc-2d55f7a65760-asia-south1.db.astra.datastax.com:29042:44e57ad8-5416-4b95-85e3-f9e4c0f2a66b
2022-11-19 15:45:40,942 - cassandra.connection - DEBUG - Sending options message heartbeat on idle connection (139898016731472) 40bf567c-d6f1-41f4-acdc-2d55f7a65760-asia-south1.db.astra.datastax.com:29042:44e57ad8-5416-4b95-85e3-f9e4c0f2a66b
2022-11-19 15:45:41,176 - cassandra.connection - DEBUG - Received options response on connection (139898016731472) from 40bf567c-d6f1-41f4-acdc-2d55f7a65760-asia-south1.db.astra.datastax.com:29042:44e57ad8-5416-4b95-85e3-f9e4c0f2a66b
2022-11-19 15:46:10,945 - cassandra.connection - DEBUG - Sending options message heartbeat on idle connection (139898016731472) 40bf567c-d6f1-41f4-acdc-2d55f7a65760-asia-south1.db.astra.datastax.com:29042:44e57ad8-5416-4b95-85e3-f9e4c0f2a66b
2022-11-19 15:46:11,178 - cassandra.connection - DEBUG - Received options response on connection (139898016731472) from 40bf567c-d6f1-41f4-acdc-2d55f7a65760-asia-south1.db.astra.datastax.com:29042:44e57ad8-5416-4b95-85e3-f9e4c0f2a66b
2022-11-19 15:46:40,948 - cassandra.connection - DEBUG - Sending options message heartbeat on idle connection (139898016731472) 40bf567c-d6f1-41f4-acdc-2d55f7a65760-asia-south1.db.astra.datastax.com:29042:44e57ad8-5416-4b95-85e3-f9e4c0f2a66b
2022-11-19 15:46:41,182 - cassandra.connection - DEBUG - Received options response on connection (139898016731472) from 40bf567c-d6f1-41f4-acdc-2d55f7a65760-asia-south1.db.astra.datastax.com:29042:44e57ad8-5416-4b95-85e3-f9e4c0f2a66b
2022-11-19 15:47:10,951 - cassandra.connection - DEBUG - Sending options message heartbeat on idle connection (139898016731472) 40bf567c-d6f1-41f4-acdc-2d55f7a65760-asia-south1.db.astra.datastax.com:29042:44e57ad8-5416-4b95-85e3-f9e4c0f2a66b
2022-11-19 15:47:11,185 - cassandra.connection - DEBUG - Received options response on connection (139898016731472) from 40bf567c-d6f1-41f4-acdc-2d55f7a65760-asia-south1.db.astra.datastax.com:29042:44e57ad8-5416-4b95-85e3-f9e4c0f2a66b
2022-11-19 15:47:40,955 - cassandra.connection - DEBUG - Sending options message heartbeat on idle connection (139898016731472) 40bf567c-d6f1-41f4-acdc-2d55f7a65760-asia-south1.db.astra.datastax.com:29042:44e57ad8-5416-4b95-85e3-f9e4c0f2a66b
2022-11-19 15:47:41,189 - cassandra.connection - DEBUG - Received options response on connection (139898016731472) from 40bf567c-d6f1-41f4-acdc-2d55f7a65760-asia-south1.db.astra.datastax.com:29042:44e57ad8-5416-4b95-85e3-f9e4c0f2a66b
2022-11-19 15:48:10,959 - cassandra.connection - DEBUG - Sending options message heartbeat on idle connection (139898016731472) 40bf567c-d6f1-41f4-acdc-2d55f7a65760-asia-south1.db.astra.datastax.com:29042:44e57ad8-5416-4b95-85e3-f9e4c0f2a66b
2022-11-19 15:48:11,192 - cassandra.connection - DEBUG - Received options response on connection (139898016731472) from 40bf567c-d6f1-41f4-acdc-2d55f7a65760-asia-south1.db.astra.datastax.com:29042:44e57ad8-5416-4b95-85e3-f9e4c0f2a66b
2022-11-19 15:48:40,962 - cassandra.connection - DEBUG - Sending options message heartbeat on idle connection (139898016731472) 40bf567c-d6f1-41f4-acdc-2d55f7a65760-asia-south1.db.astra.datastax.com:29042:44e57ad8-5416-4b95-85e3-f9e4c0f2a66b
2022-11-19 15:48:41,197 - cassandra.connection - DEBUG - Received options response on connection (139898016731472) from 40bf567c-d6f1-41f4-acdc-2d55f7a65760-asia-south1.db.astra.datastax.com:29042:44e57ad8-5416-4b95-85e3-f9e4c0f2a66b
2022-11-19 15:49:10,965 - cassandra.connection - DEBUG - Sending options message heartbeat on idle connection (139898016731472) 40bf567c-d6f1-41f4-acdc-2d55f7a65760-asia-south1.db.astra.datastax.com:29042:44e57ad8-5416-4b95-85e3-f9e4c0f2a66b
2022-11-19 15:49:11,210 - cassandra.connection - DEBUG - Received options response on connection (139898016731472) from 40bf567c-d6f1-41f4-acdc-2d55f7a65760-asia-south1.db.astra.datastax.com:29042:44e57ad8-5416-4b95-85e3-f9e4c0f2a66b
2022-11-19 15:49:40,969 - cassandra.connection - DEBUG - Sending options message heartbeat on idle connection (139898016731472) 40bf567c-d6f1-41f4-acdc-2d55f7a65760-asia-south1.db.astra.datastax.com:29042:44e57ad8-5416-4b95-85e3-f9e4c0f2a66b
2022-11-19 15:49:41,203 - cassandra.connection - DEBUG - Received options response on connection (139898016731472) from 40bf567c-d6f1-41f4-acdc-2d55f7a65760-asia-south1.db.astra.datastax.com:29042:44e57ad8-5416-4b95-85e3-f9e4c0f2a66b
2022-11-19 15:50:10,973 - cassandra.connection - DEBUG - Sending options message heartbeat on idle connection (139898016731472) 40bf567c-d6f1-41f4-acdc-2d55f7a65760-asia-south1.db.astra.datastax.com:29042:44e57ad8-5416-4b95-85e3-f9e4c0f2a66b
2022-11-19 15:50:11,207 - cassandra.connection - DEBUG - Received options response on connection (139898016731472) from 40bf567c-d6f1-41f4-acdc-2d55f7a65760-asia-south1.db.astra.datastax.com:29042:44e57ad8-5416-4b95-85e3-f9e4c0f2a66b
2022-11-19 15:50:40,977 - cassandra.connection - DEBUG - Sending options message heartbeat on idle connection (139898016731472) 40bf567c-d6f1-41f4-acdc-2d55f7a65760-asia-south1.db.astra.datastax.com:29042:44e57ad8-5416-4b95-85e3-f9e4c0f2a66b
2022-11-19 15:50:41,210 - cassandra.connection - DEBUG - Received options response on connection (139898016731472) from 40bf567c-d6f1-41f4-acdc-2d55f7a65760-asia-south1.db.astra.datastax.com:29042:44e57ad8-5416-4b95-85e3-f9e4c0f2a66b
2022-11-19 15:50:59,469 - root - INFO - Data insertion completed.
2022-11-19 15:51:10,980 - cassandra.connection - DEBUG - Sending options message heartbeat on idle connection (139898016731472) 40bf567c-d6f1-41f4-acdc-2d55f7a65760-asia-south1.db.astra.datastax.com:29042:44e57ad8-5416-4b95-85e3-f9e4c0f2a66b
2022-11-19 15:51:11,215 - cassandra.connection - DEBUG - Received options response on connection (139898016731472) from 40bf567c-d6f1-41f4-acdc-2d55f7a65760-asia-south1.db.astra.datastax.com:29042:44e57ad8-5416-4b95-85e3-f9e4c0f2a66b
2022-11-19 15:51:40,983 - cassandra.connection - DEBUG - Sending options message heartbeat on idle connection (139897860256848) 40bf567c-d6f1-41f4-acdc-2d55f7a65760-asia-south1.db.astra.datastax.com:29042:7d78e9c1-0951-47e5-ac2c-283fe5fc2d65
2022-11-19 15:51:40,986 - cassandra.connection - DEBUG - Sending options message heartbeat on idle connection (139897865134480) 40bf567c-d6f1-41f4-acdc-2d55f7a65760-asia-south1.db.astra.datastax.com:29042:358ca568-08f7-42a4-8574-b72c6a0af7b7
2022-11-19 15:51:40,990 - cassandra.connection - DEBUG - Sending options message heartbeat on idle connection (139897860358800) 40bf567c-d6f1-41f4-acdc-2d55f7a65760-asia-south1.db.astra.datastax.com:29042:44e57ad8-5416-4b95-85e3-f9e4c0f2a66b
2022-11-19 15:51:40,993 - cassandra.connection - DEBUG - Sending options message heartbeat on idle connection (139898016731472) 40bf567c-d6f1-41f4-acdc-2d55f7a65760-asia-south1.db.astra.datastax.com:29042:44e57ad8-5416-4b95-85e3-f9e4c0f2a66b
2022-11-19 15:51:41,220 - cassandra.connection - DEBUG - Received options response on connection (139897865134480) from 40bf567c-d6f1-41f4-acdc-2d55f7a65760-asia-south1.db.astra.datastax.com:29042:358ca568-08f7-42a4-8574-b72c6a0af7b7
2022-11-19 15:51:41,223 - cassandra.connection - DEBUG - Received options response on connection (139897860256848) from 40bf567c-d6f1-41f4-acdc-2d55f7a65760-asia-south1.db.astra.datastax.com:29042:7d78e9c1-0951-47e5-ac2c-283fe5fc2d65
2022-11-19 15:51:41,226 - cassandra.connection - DEBUG - Received options response on connection (139898016731472) from 40bf567c-d6f1-41f4-acdc-2d55f7a65760-asia-south1.db.astra.datastax.com:29042:44e57ad8-5416-4b95-85e3-f9e4c0f2a66b
2022-11-19 15:51:41,228 - cassandra.connection - DEBUG - Received options response on connection (139897860358800) from 40bf567c-d6f1-41f4-acdc-2d55f7a65760-asia-south1.db.astra.datastax.com:29042:44e57ad8-5416-4b95-85e3-f9e4c0f2a66b
